2024-09-03 14:17:27.406 [info] [main] Log level: Info
2024-09-03 14:17:27.406 [info] [main] Validating found git in: "git"
2024-09-03 14:17:27.406 [info] [main] Using git "2.43.0" from "git"
2024-09-03 14:17:27.406 [info] [Model][doInitialScan] Initial repository scan started
2024-09-03 14:17:27.406 [info] [Model][doInitialScan] Initial repository scan completed - repositories (0), closed repositories (0), parent repositories (0), unsafe repositories (0)
2024-09-03 14:17:58.029 [info] [main] Log level: Info
2024-09-03 14:17:58.029 [info] [main] Validating found git in: "git"
2024-09-03 14:17:58.029 [info] [main] Using git "2.43.0" from "git"
2024-09-03 14:17:58.029 [info] [Model][doInitialScan] Initial repository scan started
2024-09-03 14:17:58.029 [info] [Model][doInitialScan] Initial repository scan completed - repositories (0), closed repositories (0), parent repositories (0), unsafe repositories (0)
2024-09-03 14:18:12.634 [info] [main] Log level: Info
2024-09-03 14:18:12.634 [info] [main] Validating found git in: "git"
2024-09-03 14:18:12.634 [info] [main] Using git "2.43.0" from "git"
2024-09-03 14:18:12.634 [info] [Model][doInitialScan] Initial repository scan started
2024-09-03 14:18:12.634 [info] [Model][doInitialScan] Initial repository scan completed - repositories (0), closed repositories (0), parent repositories (0), unsafe repositories (0)
2024-09-03 14:18:40.328 [info] [main] Log level: Info
2024-09-03 14:18:40.329 [info] [main] Validating found git in: "git"
2024-09-03 14:18:40.329 [info] [main] Using git "2.43.0" from "git"
2024-09-03 14:18:40.329 [info] [Model][doInitialScan] Initial repository scan started
2024-09-03 14:18:40.329 [info] [Model][doInitialScan] Initial repository scan completed - repositories (0), closed repositories (0), parent repositories (0), unsafe repositories (0)
