Locating server…
Booting server...
Checking if /home/sasham/Projects/pacman-game/src/App.css may be Tailwind-related…
Checking if /home/sasham/Projects/pacman-game/src/index.css may be Tailwind-related…
Setting up server…
Listening for messages…
Searching for Tailwind CSS projects in the workspace's folders.
[Global] Creating projects: []
[Global] Preparing projects...
[Global] Initializing projects...
[Info  - 1:18:04 PM] [GLOBAL] No matching project for document {
  fsPath: '/home/sasham/Projects/pacman-game/src/App.css',
  normalPath: '/home/sasham/Projects/pacman-game/src/App.css'
}
[Global] Initialized 0 projects
[Info  - 1:19:14 PM] [GLOBAL] No matching project for document {
  fsPath: '/home/sasham/Projects/pacman-game/src/index.js',
  normalPath: '/home/sasham/Projects/pacman-game/src/index.js'
}
[Info  - 1:19:15 PM] [GLOBAL] No matching project for document {
  fsPath: '/home/sasham/Projects/pacman-game/src/index.js',
  normalPath: '/home/sasham/Projects/pacman-game/src/index.js'
}
[Info  - 1:19:15 PM] [GLOBAL] No matching project for document {
  fsPath: '/home/sasham/Projects/pacman-game/src/index.js',
  normalPath: '/home/sasham/Projects/pacman-game/src/index.js'
}
[Info  - 1:21:40 PM] [GLOBAL] No matching project for document {
  fsPath: '/home/sasham/Projects/pacman-game/src/index.js',
  normalPath: '/home/sasham/Projects/pacman-game/src/index.js'
}
[Info  - 1:23:33 PM] [GLOBAL] No matching project for document {
  fsPath: '/home/sasham/Projects/pacman-game/src/App.js',
  normalPath: '/home/sasham/Projects/pacman-game/src/App.js'
}
[Info  - 1:23:33 PM] [GLOBAL] No matching project for document {
  fsPath: '/home/sasham/Projects/pacman-game/src/App.js',
  normalPath: '/home/sasham/Projects/pacman-game/src/App.js'
}
[Info  - 1:23:33 PM] [GLOBAL] No matching project for document {
  fsPath: '/home/sasham/Projects/pacman-game/src/App.js',
  normalPath: '/home/sasham/Projects/pacman-game/src/App.js'
}
[Info  - 1:23:37 PM] [GLOBAL] No matching project for document {
  fsPath: '/home/sasham/Projects/pacman-game/src/App.js',
  normalPath: '/home/sasham/Projects/pacman-game/src/App.js'
}
[Info  - 1:24:31 PM] [GLOBAL] No matching project for document {
  fsPath: '/home/sasham/Projects/pacman-game/src/components/GameBoard.js',
  normalPath: '/home/sasham/Projects/pacman-game/src/components/GameBoard.js'
}
[Info  - 1:24:31 PM] [GLOBAL] No matching project for document {
  fsPath: '/home/sasham/Projects/pacman-game/src/components/GameBoard.js',
  normalPath: '/home/sasham/Projects/pacman-game/src/components/GameBoard.js'
}
[Info  - 1:24:31 PM] [GLOBAL] No matching project for document {
  fsPath: '/home/sasham/Projects/pacman-game/src/components/GameBoard.js',
  normalPath: '/home/sasham/Projects/pacman-game/src/components/GameBoard.js'
}
[Info  - 1:24:35 PM] [GLOBAL] No matching project for document {
  fsPath: '/home/sasham/Projects/pacman-game/src/components/GameBoard.js',
  normalPath: '/home/sasham/Projects/pacman-game/src/components/GameBoard.js'
}
[Info  - 1:24:55 PM] [GLOBAL] No matching project for document {
  fsPath: '/home/sasham/Projects/pacman-game/src/components/PacMan.js',
  normalPath: '/home/sasham/Projects/pacman-game/src/components/PacMan.js'
}
[Info  - 1:24:55 PM] [GLOBAL] No matching project for document {
  fsPath: '/home/sasham/Projects/pacman-game/src/components/PacMan.js',
  normalPath: '/home/sasham/Projects/pacman-game/src/components/PacMan.js'
}
[Info  - 1:24:55 PM] [GLOBAL] No matching project for document {
  fsPath: '/home/sasham/Projects/pacman-game/src/components/PacMan.js',
  normalPath: '/home/sasham/Projects/pacman-game/src/components/PacMan.js'
}
[Info  - 1:25:06 PM] [GLOBAL] No matching project for document {
  fsPath: '/home/sasham/Projects/pacman-game/src/components/PacMan.js',
  normalPath: '/home/sasham/Projects/pacman-game/src/components/PacMan.js'
}
[Info  - 1:25:25 PM] [GLOBAL] No matching project for document {
  fsPath: '/home/sasham/Projects/pacman-game/src/components/Ghost.js',
  normalPath: '/home/sasham/Projects/pacman-game/src/components/Ghost.js'
}
[Info  - 1:25:25 PM] [GLOBAL] No matching project for document {
  fsPath: '/home/sasham/Projects/pacman-game/src/components/Ghost.js',
  normalPath: '/home/sasham/Projects/pacman-game/src/components/Ghost.js'
}
[Info  - 1:25:25 PM] [GLOBAL] No matching project for document {
  fsPath: '/home/sasham/Projects/pacman-game/src/components/Ghost.js',
  normalPath: '/home/sasham/Projects/pacman-game/src/components/Ghost.js'
}
[Info  - 1:25:34 PM] [GLOBAL] No matching project for document {
  fsPath: '/home/sasham/Projects/pacman-game/src/components/Ghost.js',
  normalPath: '/home/sasham/Projects/pacman-game/src/components/Ghost.js'
}
[Info  - 1:25:57 PM] [GLOBAL] No matching project for document {
  fsPath: '/home/sasham/Projects/pacman-game/src/components/Scoreboard.js',
  normalPath: '/home/sasham/Projects/pacman-game/src/components/Scoreboard.js'
}
[Info  - 1:25:57 PM] [GLOBAL] No matching project for document {
  fsPath: '/home/sasham/Projects/pacman-game/src/components/Scoreboard.js',
  normalPath: '/home/sasham/Projects/pacman-game/src/components/Scoreboard.js'
}
[Info  - 1:25:57 PM] [GLOBAL] No matching project for document {
  fsPath: '/home/sasham/Projects/pacman-game/src/components/Scoreboard.js',
  normalPath: '/home/sasham/Projects/pacman-game/src/components/Scoreboard.js'
}
[Info  - 1:26:02 PM] [GLOBAL] No matching project for document {
  fsPath: '/home/sasham/Projects/pacman-game/src/components/GameBoard.js',
  normalPath: '/home/sasham/Projects/pacman-game/src/components/GameBoard.js'
}
[Info  - 1:26:29 PM] [GLOBAL] No matching project for document {
  fsPath: '/home/sasham/Projects/pacman-game/src/components/Scoreboard.js',
  normalPath: '/home/sasham/Projects/pacman-game/src/components/Scoreboard.js'
}
[Info  - 1:26:39 PM] [GLOBAL] No matching project for document {
  fsPath: '/home/sasham/Projects/pacman-game/src/components/Scoreboard.js',
  normalPath: '/home/sasham/Projects/pacman-game/src/components/Scoreboard.js'
}
[Info  - 1:27:16 PM] [GLOBAL] No matching project for document {
  fsPath: '/home/sasham/Projects/pacman-game/src/App.css',
  normalPath: '/home/sasham/Projects/pacman-game/src/App.css'
}
[Info  - 1:27:16 PM] [GLOBAL] No matching project for document {
  fsPath: '/home/sasham/Projects/pacman-game/src/App.css',
  normalPath: '/home/sasham/Projects/pacman-game/src/App.css'
}
[Info  - 1:27:16 PM] [GLOBAL] No matching project for document {
  fsPath: '/home/sasham/Projects/pacman-game/src/App.css',
  normalPath: '/home/sasham/Projects/pacman-game/src/App.css'
}
[Info  - 1:27:36 PM] [GLOBAL] No matching project for document {
  fsPath: '/home/sasham/Projects/pacman-game/src/App.css',
  normalPath: '/home/sasham/Projects/pacman-game/src/App.css'
}
[Info  - 1:28:13 PM] [GLOBAL] No matching project for document {
  fsPath: '/home/sasham/Projects/pacman-game/src/components/GameBoard.css',
  normalPath: '/home/sasham/Projects/pacman-game/src/components/GameBoard.css'
}
[Info  - 1:28:13 PM] [GLOBAL] No matching project for document {
  fsPath: '/home/sasham/Projects/pacman-game/src/components/GameBoard.css',
  normalPath: '/home/sasham/Projects/pacman-game/src/components/GameBoard.css'
}
[Info  - 1:28:13 PM] [GLOBAL] No matching project for document {
  fsPath: '/home/sasham/Projects/pacman-game/src/components/GameBoard.css',
  normalPath: '/home/sasham/Projects/pacman-game/src/components/GameBoard.css'
}
[Info  - 1:28:23 PM] [GLOBAL] No matching project for document {
  fsPath: '/home/sasham/Projects/pacman-game/src/components/GameBoard.css',
  normalPath: '/home/sasham/Projects/pacman-game/src/components/GameBoard.css'
}
[Info  - 1:28:54 PM] [GLOBAL] No matching project for document {
  fsPath: '/home/sasham/Projects/pacman-game/src/components/GameBoard.js',
  normalPath: '/home/sasham/Projects/pacman-game/src/components/GameBoard.js'
}
[Info  - 1:42:03 PM] [GLOBAL] No matching project for document {
  fsPath: '/home/sasham/Projects/pacman-game/src/components/GameBoard.js',
  normalPath: '/home/sasham/Projects/pacman-game/src/components/GameBoard.js'
}
