2024-09-05 11:28:52.846 [info] Reading sessions from keychain...
2024-09-05 11:28:52.865 [info] Getting sessions for all scopes...
2024-09-05 11:28:52.865 [info] Getting sessions for all scopes...
2024-09-05 11:28:52.872 [info] Getting sessions for user:email...
2024-09-05 11:28:53.124 [info] Got stored sessions!
2024-09-05 11:28:53.125 [info] Got 2 verified sessions.
2024-09-05 11:28:53.125 [info] Got 2 sessions for ...
2024-09-05 11:28:53.125 [info] Got 2 sessions for ...
2024-09-05 11:28:53.125 [info] Got 1 sessions for user:email...
2024-09-05 11:42:04.355 [info] Getting sessions for user:email...
2024-09-05 11:42:04.355 [info] Got 1 sessions for user:email...
2024-09-05 11:48:08.898 [info] Getting sessions for read:user,repo,user:email,workflow...
2024-09-05 11:48:08.898 [info] Got 1 sessions for read:user,repo,user:email,workflow...
2024-09-05 11:48:44.453 [info] Getting sessions for read:user,repo,user:email,workflow...
2024-09-05 11:48:44.453 [info] Got 1 sessions for read:user,repo,user:email,workflow...
2024-09-05 11:49:50.836 [info] Reading sessions from keychain...
2024-09-05 11:49:50.836 [info] Getting sessions for all scopes...
2024-09-05 11:49:50.836 [info] Getting sessions for all scopes...
2024-09-05 11:49:50.836 [info] Getting sessions for user:email...
2024-09-05 11:49:50.836 [info] Got stored sessions!
2024-09-05 11:49:50.836 [info] Got 2 verified sessions.
2024-09-05 11:49:50.836 [info] Got 2 sessions for ...
2024-09-05 11:49:50.836 [info] Got 2 sessions for ...
2024-09-05 11:49:50.836 [info] Got 1 sessions for user:email...
2024-09-05 11:49:50.836 [info] Getting sessions for read:user,repo,user:email,workflow...
2024-09-05 11:49:50.836 [info] Got 1 sessions for read:user,repo,user:email,workflow...
2024-09-05 11:49:51.242 [info] Getting sessions for read:user,repo,user:email,workflow...
2024-09-05 11:49:51.242 [info] Got 1 sessions for read:user,repo,user:email,workflow...
2024-09-05 11:52:39.578 [info] Getting sessions for read:user,repo,user:email,workflow...
2024-09-05 11:52:39.578 [info] Got 1 sessions for read:user,repo,user:email,workflow...
2024-09-05 12:47:59.641 [info] Getting sessions for read:user,repo,user:email,workflow...
2024-09-05 12:47:59.642 [info] Got 1 sessions for read:user,repo,user:email,workflow...
