0 verbose cli /usr/bin/node /usr/bin/npm
1 info using npm@9.2.0
2 info using node@v18.19.1
3 timing npm:load:whichnode Completed in 1ms
4 timing config:load:defaults Completed in 3ms
5 timing config:load:file:/usr/share/nodejs/npm/npmrc Completed in 3ms
6 timing config:load:builtin Completed in 3ms
7 timing config:load:cli Completed in 3ms
8 timing config:load:env Completed in 1ms
9 timing config:load:file:/home/sasham/.cache/typescript/5.5/.npmrc Completed in 0ms
10 timing config:load:project Completed in 1ms
11 timing config:load:file:/home/sasham/.npmrc Completed in 1ms
12 timing config:load:user Completed in 1ms
13 timing config:load:file:/etc/npmrc Completed in 0ms
14 timing config:load:global Completed in 0ms
15 timing config:load:setEnvs Completed in 1ms
16 timing config:load Completed in 14ms
17 timing npm:load:configload Completed in 14ms
18 timing npm:load:mkdirpcache Completed in 0ms
19 timing npm:load:mkdirplogs Completed in 0ms
20 verbose title npm install @types/react@ts5.5 @types/react-dom@ts5.5
21 verbose argv "install" "--ignore-scripts" "@types/react@ts5.5" "@types/react-dom@ts5.5" "--save-dev" "--user-agent" "typesInstaller/5.5.4"
22 timing npm:load:setTitle Completed in 3ms
23 timing config:load:flatten Completed in 8ms
24 timing npm:load:display Completed in 11ms
25 verbose logfile logs-max:10 dir:/home/sasham/.npm/_logs/2024-09-05T11_19_22_017Z-
26 verbose logfile /home/sasham/.npm/_logs/2024-09-05T11_19_22_017Z-debug-0.log
27 timing npm:load:logFile Completed in 14ms
28 timing npm:load:timers Completed in 0ms
29 timing npm:load:configScope Completed in 1ms
30 timing npm:load Completed in 44ms
31 silly logfile start cleaning logs, removing 1 files
32 timing config:load:flatten Completed in 0ms
33 timing arborist:ctor Completed in 1ms
34 silly logfile done cleaning log files
35 timing idealTree:init Completed in 27ms
36 timing arborist:ctor Completed in 0ms
37 http fetch GET 200 https://registry.npmjs.org/@types%2freact 173ms (cache revalidated)
38 http fetch GET 200 https://registry.npmjs.org/@types%2freact-dom 180ms (cache revalidated)
39 timing idealTree:userRequests Completed in 190ms
40 silly idealTree buildDeps
41 silly fetch manifest @types/react@18.3.5
42 silly fetch manifest @types/react-dom@18.3.0
43 silly placeDep ROOT @types/react@18.3.5 OK for:  want: 18.3.5
44 silly placeDep ROOT @types/react-dom@18.3.0 OK for:  want: 18.3.0
45 silly fetch manifest csstype@^3.0.2
46 silly fetch manifest @types/prop-types@*
47 http fetch GET 200 https://registry.npmjs.org/csstype 49ms (cache revalidated)
48 http fetch GET 200 https://registry.npmjs.org/@types%2fprop-types 53ms (cache revalidated)
49 timing idealTree:#root Completed in 66ms
50 silly placeDep ROOT @types/prop-types@15.7.12 OK for: @types/react@18.3.5 want: *
51 silly placeDep ROOT csstype@3.1.3 OK for: @types/react@18.3.5 want: ^3.0.2
52 timing idealTree:node_modules/@types/react Completed in 6ms
53 timing idealTree:node_modules/@types/prop-types Completed in 0ms
54 timing idealTree:node_modules/@types/react-dom Completed in 0ms
55 timing idealTree:node_modules/csstype Completed in 0ms
56 timing idealTree:buildDeps Completed in 75ms
57 timing idealTree:fixDepFlags Completed in 0ms
58 timing idealTree Completed in 294ms
59 timing reify:loadTrees Completed in 296ms
60 timing reify:diffTrees Completed in 2ms
61 silly reify moves {}
62 timing reify:retireShallow Completed in 1ms
63 timing reify:createSparse Completed in 2ms
64 timing reify:loadBundles Completed in 0ms
65 silly audit bulk request {
65 silly audit   'types-registry': [ '0.1.685' ],
65 silly audit   '@types/react': [ '18.3.5' ],
65 silly audit   '@types/react-dom': [ '18.3.0' ],
65 silly audit   '@types/prop-types': [ '15.7.12' ],
65 silly audit   csstype: [ '3.1.3' ]
65 silly audit }
66 timing reifyNode:node_modules/@types/prop-types Completed in 46ms
67 timing reifyNode:node_modules/@types/react-dom Completed in 51ms
68 timing reifyNode:node_modules/@types/react Completed in 56ms
69 timing reifyNode:node_modules/csstype Completed in 57ms
70 timing reify:unpack Completed in 58ms
71 timing reify:unretire Completed in 0ms
72 timing build:queue Completed in 0ms
73 timing build:deps Completed in 0ms
74 timing build Completed in 2ms
75 timing reify:build Completed in 2ms
76 timing reify:trash Completed in 0ms
77 timing reify:save Completed in 10ms
78 http fetch POST 200 https://registry.npmjs.org/-/npm/v1/security/advisories/bulk 349ms
79 timing auditReport:getReport Completed in 351ms
80 silly audit report {}
81 timing auditReport:init Completed in 0ms
82 timing reify:audit Completed in 353ms
83 timing reify Completed in 657ms
84 silly ADD node_modules/csstype
85 silly ADD node_modules/@types/prop-types
86 silly ADD node_modules/@types/react-dom
87 silly ADD node_modules/@types/react
88 timing command:install Completed in 664ms
89 verbose exit 0
90 timing npm Completed in 731ms
91 info ok
