2024-09-03 14:17:45.677 [info] Getting Manifest... ritwickdey.liveserver
2024-09-03 14:17:45.693 [info] Installing extension: ritwickdey.liveserver {"isMachineScoped":false,"installPreReleaseVersion":false,"pinned":false,"profileLocation":{"$mid":1,"external":"vscode-userdata:/home/sasham/.vscode/extensions/extensions.json","path":"/home/sasham/.vscode/extensions/extensions.json","scheme":"vscode-userdata"},"installOnlyNewlyAddedFromExtensionPack":true,"isApplicationScoped":false,"productVersion":{"version":"1.92.2","date":"2024-08-14T17:29:30.058Z"}}
2024-09-03 14:17:49.068 [info] Extension signature verification result for ritwickdey.liveserver: Success. Executed: true. Duration: 1622ms.
2024-09-03 14:17:52.683 [info] Extracted extension to file:///home/sasham/.vscode/extensions/ritwickdey.liveserver-5.7.9: ritwickdey.liveserver
2024-09-03 14:17:52.709 [info] Renamed to /home/sasham/.vscode/extensions/ritwickdey.liveserver-5.7.9
2024-09-03 14:17:52.725 [info] Extension installed successfully: ritwickdey.liveserver vscode-userdata:/home/sasham/.vscode/extensions/extensions.json
2024-09-03 14:17:52.796 [error] [uncaught exception in sharedProcess]: Error: ENOENT: no such file or directory, stat '/home/sasham/.vscode/extensions/extensions.json.vsctmp': EntryNotFound (FileSystemError): Error: ENOENT: no such file or directory, stat '/home/sasham/.vscode/extensions/extensions.json.vsctmp'
    at o.create (/snap/code/167/usr/share/code/resources/app/out/vs/code/node/sharedProcess/sharedProcessMain.js:54:19408)
    at u (/snap/code/167/usr/share/code/resources/app/out/vs/code/node/sharedProcess/sharedProcessMain.js:54:19519)
    at p.hb (/snap/code/167/usr/share/code/resources/app/out/vs/code/node/sharedProcess/sharedProcessMain.js:59:36714)
    at p.stat (/snap/code/167/usr/share/code/resources/app/out/vs/code/node/sharedProcess/sharedProcessMain.js:59:29034)
    at async c.stat (/snap/code/167/usr/share/code/resources/app/out/vs/code/node/sharedProcess/sharedProcessMain.js:59:14940)
    at async z.ub (/snap/code/167/usr/share/code/resources/app/out/vs/code/node/sharedProcess/sharedProcessMain.js:105:120384)
2024-09-03 14:18:34.852 [info] Getting Manifest... esbenp.prettier-vscode
2024-09-03 14:18:34.859 [info] Installing extension: esbenp.prettier-vscode {"isMachineScoped":false,"installPreReleaseVersion":false,"pinned":false,"profileLocation":{"$mid":1,"external":"vscode-userdata:/home/sasham/.vscode/extensions/extensions.json","path":"/home/sasham/.vscode/extensions/extensions.json","scheme":"vscode-userdata"},"installOnlyNewlyAddedFromExtensionPack":true,"isApplicationScoped":false,"productVersion":{"version":"1.92.2","date":"2024-08-14T17:29:30.058Z"}}
2024-09-03 14:18:36.720 [info] Extension signature verification result for esbenp.prettier-vscode: Success. Executed: true. Duration: 1026ms.
2024-09-03 14:18:36.871 [info] Extracted extension to file:///home/sasham/.vscode/extensions/esbenp.prettier-vscode-11.0.0: esbenp.prettier-vscode
2024-09-03 14:18:36.878 [info] Renamed to /home/sasham/.vscode/extensions/esbenp.prettier-vscode-11.0.0
2024-09-03 14:18:36.900 [info] Extension installed successfully: esbenp.prettier-vscode vscode-userdata:/home/sasham/.vscode/extensions/extensions.json
2024-09-03 14:18:36.906 [error] [uncaught exception in sharedProcess]: Error: ENOENT: no such file or directory, stat '/home/sasham/.vscode/extensions/extensions.json.vsctmp': EntryNotFound (FileSystemError): Error: ENOENT: no such file or directory, stat '/home/sasham/.vscode/extensions/extensions.json.vsctmp'
    at o.create (/snap/code/167/usr/share/code/resources/app/out/vs/code/node/sharedProcess/sharedProcessMain.js:54:19408)
    at u (/snap/code/167/usr/share/code/resources/app/out/vs/code/node/sharedProcess/sharedProcessMain.js:54:19519)
    at p.hb (/snap/code/167/usr/share/code/resources/app/out/vs/code/node/sharedProcess/sharedProcessMain.js:59:36714)
    at p.stat (/snap/code/167/usr/share/code/resources/app/out/vs/code/node/sharedProcess/sharedProcessMain.js:59:29034)
    at async c.stat (/snap/code/167/usr/share/code/resources/app/out/vs/code/node/sharedProcess/sharedProcessMain.js:59:14940)
    at async z.ub (/snap/code/167/usr/share/code/resources/app/out/vs/code/node/sharedProcess/sharedProcessMain.js:105:120384)
