2024-09-03 16:34:51.825 [info] Reading sessions from keychain...
2024-09-03 16:34:51.825 [info] Getting sessions for all scopes...
2024-09-03 16:34:51.825 [info] Getting sessions for all scopes...
2024-09-03 16:34:51.825 [info] Getting sessions for read:user,repo,user:email,workflow...
2024-09-03 16:34:51.921 [info] Got 0 sessions for ...
2024-09-03 16:34:51.921 [info] Got 0 sessions for ...
2024-09-03 16:34:51.921 [info] Got 0 sessions for read:user,repo,user:email,workflow...
2024-09-03 16:34:54.731 [info] Logging in with 'any' account...
2024-09-03 16:34:54.731 [info] Logging in for the following scopes: read:user repo user:email workflow
2024-09-03 16:34:54.744 [info] Trying without local server... (read:user repo user:email workflow)
2024-09-03 16:35:07.728 [info] Exchanging code for token...
2024-09-03 16:35:08.260 [info] Token exchange success!
2024-09-03 16:35:08.266 [info] Getting user info...
2024-09-03 16:35:08.764 [info] Got account info!
2024-09-03 16:35:08.765 [info] Storing 1 sessions...
2024-09-03 16:35:08.768 [info] Reading sessions from keychain...
2024-09-03 16:35:08.768 [info] Stored 1 sessions!
2024-09-03 16:35:08.768 [info] Login success!
2024-09-03 16:35:08.811 [info] Got stored sessions!
2024-09-03 16:35:08.811 [info] Got 1 verified sessions.
2024-09-03 16:35:22.993 [info] Reading sessions from keychain...
2024-09-03 16:35:22.993 [info] Getting sessions for all scopes...
2024-09-03 16:35:22.993 [info] Getting sessions for all scopes...
2024-09-03 16:35:22.993 [info] Got stored sessions!
2024-09-03 16:35:22.993 [info] Got 1 verified sessions.
2024-09-03 16:35:22.993 [info] Got 1 sessions for ...
2024-09-03 16:35:22.993 [info] Got 1 sessions for ...
2024-09-03 16:35:22.998 [info] Getting sessions for read:user,repo,user:email,workflow...
2024-09-03 16:35:22.998 [info] Got 1 sessions for read:user,repo,user:email,workflow...
2024-09-03 16:35:24.449 [info] Getting sessions for read:user,repo,user:email,workflow...
2024-09-03 16:35:24.449 [info] Got 1 sessions for read:user,repo,user:email,workflow...
