2024-09-03 16:38:15.526 [info] Added views:workbench.panel.markers.view in workbench.panel.markers
2024-09-03 16:38:15.526 [info] Added views:workbench.panel.output in workbench.panel.output
2024-09-03 16:38:15.526 [info] Added views:terminal in terminal
2024-09-03 16:38:15.526 [info] Added views:outline in workbench.view.explorer
2024-09-03 16:38:15.526 [info] Added views:workbench.scm in workbench.view.scm
2024-09-03 16:38:15.526 [info] Added views:workbench.view.search in workbench.view.search
2024-09-03 16:38:15.526 [info] Added views:timeline in workbench.view.explorer
2024-09-03 16:38:15.526 [info] Added views:workbench.explorer.emptyView in workbench.view.explorer
2024-09-03 16:38:18.281 [info] Added views:workbench.debug.variablesView,workbench.debug.watchExpressionsView,workbench.debug.callStackView,workbench.debug.breakPointsView in workbench.view.debug
2024-09-03 16:38:18.709 [info] Added views:pw.extension.settingsView in workbench.view.extension.test
2024-09-03 16:38:18.710 [info] Added views:nxConsole.views.welcome,nxHelpAndFeedback in workbench.view.extension.nx-console
2024-09-03 16:38:18.743 [info] Added views:~remote.forwardedPorts in ~remote.forwardedPortsContainer
2024-09-03 16:38:18.969 [info] Added views:workbench.panel.repl.view in workbench.panel.repl
2024-09-03 16:38:18.973 [info] Removed views:workbench.debug.breakPointsView,workbench.debug.callStackView,workbench.debug.watchExpressionsView,workbench.debug.variablesView from workbench.view.debug
2024-09-03 16:38:18.973 [info] Added views:workbench.debug.welcome in workbench.view.debug
2024-09-03 16:38:42.848 [info] Added views:workbench.panel.markers.view in workbench.panel.markers
2024-09-03 16:38:42.848 [info] Added views:workbench.panel.output in workbench.panel.output
2024-09-03 16:38:42.848 [info] Added views:terminal in terminal
2024-09-03 16:38:42.848 [info] Added views:outline in workbench.view.explorer
2024-09-03 16:38:42.848 [info] Added views:workbench.scm in workbench.view.scm
2024-09-03 16:38:42.848 [info] Added views:workbench.view.search in workbench.view.search
2024-09-03 16:38:42.848 [info] Added views:timeline in workbench.view.explorer
2024-09-03 16:38:42.848 [info] Added views:workbench.explorer.fileView in workbench.view.explorer
2024-09-03 16:38:45.905 [info] Added views:pw.extension.settingsView in workbench.view.extension.test
2024-09-03 16:38:45.909 [info] Added views:nxConsole.views.welcome,nxHelpAndFeedback in workbench.view.extension.nx-console
2024-09-03 16:38:46.118 [info] Added views:workbench.debug.variablesView,workbench.debug.watchExpressionsView,workbench.debug.callStackView,workbench.debug.breakPointsView in workbench.view.debug
2024-09-03 16:38:46.270 [info] Added views:workbench.panel.repl.view in workbench.panel.repl
2024-09-03 16:38:46.274 [info] Removed views:workbench.debug.breakPointsView,workbench.debug.callStackView,workbench.debug.watchExpressionsView,workbench.debug.variablesView from workbench.view.debug
2024-09-03 16:38:46.276 [info] Added views:workbench.debug.welcome in workbench.view.debug
2024-09-03 16:38:48.466 [info] Added views:~remote.forwardedPorts in ~remote.forwardedPortsContainer
