2024-09-04 20:01:23.674 [info] Reading sessions from keychain...
2024-09-04 20:01:23.674 [info] Getting sessions for all scopes...
2024-09-04 20:01:23.674 [info] Getting sessions for all scopes...
2024-09-04 20:01:23.674 [info] Getting sessions for read:user,repo,user:email,workflow...
2024-09-04 20:01:23.744 [info] Got stored sessions!
2024-09-04 20:01:23.744 [info] Got 1 verified sessions.
2024-09-04 20:01:23.748 [info] Got 1 sessions for ...
2024-09-04 20:01:23.748 [info] Got 1 sessions for ...
2024-09-04 20:01:23.748 [info] Got 1 sessions for read:user,repo,user:email,workflow...
2024-09-04 20:01:25.176 [info] Getting sessions for read:user,repo,user:email,workflow...
2024-09-04 20:01:25.176 [info] Got 1 sessions for read:user,repo,user:email,workflow...
2024-09-04 20:39:45.108 [info] Reading sessions from keychain...
2024-09-04 20:39:45.109 [info] Getting sessions for user:email...
2024-09-04 20:39:45.110 [info] Got stored sessions!
2024-09-04 20:39:45.110 [info] Got 2 verified sessions.
2024-09-04 20:39:45.111 [info] Adding session found in keychain
2024-09-04 20:39:45.111 [info] Got 1 sessions for user:email...
2024-09-04 20:39:45.114 [info] Getting sessions for user:email...
2024-09-04 20:39:45.114 [info] Got 1 sessions for user:email...
2024-09-04 20:39:45.119 [info] Getting sessions for read:user,repo,user:email,workflow...
2024-09-04 20:39:45.119 [info] Got 1 sessions for read:user,repo,user:email,workflow...
2024-09-04 20:39:45.578 [info] Getting sessions for read:user,repo,user:email,workflow...
2024-09-04 20:39:45.578 [info] Got 1 sessions for read:user,repo,user:email,workflow...
