2024-09-03 14:17:25.922 [info] Added views:workbench.panel.markers.view in workbench.panel.markers
2024-09-03 14:17:25.922 [info] Added views:workbench.panel.output in workbench.panel.output
2024-09-03 14:17:25.922 [info] Added views:terminal in terminal
2024-09-03 14:17:25.922 [info] Added views:outline in workbench.view.explorer
2024-09-03 14:17:25.922 [info] Added views:workbench.scm in workbench.view.scm
2024-09-03 14:17:25.922 [info] Added views:workbench.view.search in workbench.view.search
2024-09-03 14:17:25.922 [info] Added views:timeline in workbench.view.explorer
2024-09-03 14:17:25.922 [info] Added views:workbench.explorer.emptyView in workbench.view.explorer
2024-09-03 14:17:26.979 [info] Added views:workbench.debug.welcome in workbench.view.debug
2024-09-03 14:17:27.101 [info] Added views:workbench.panel.repl.view in workbench.panel.repl
2024-09-03 14:17:27.663 [info] Added views:~remote.forwardedPorts in ~remote.forwardedPortsContainer
2024-09-03 14:17:35.255 [info] Added views:workbench.views.extensions.installed,workbench.views.extensions.popular,extensions.recommendedList in workbench.view.extensions
2024-09-03 14:17:35.265 [info] Removed views:workbench.views.extensions.popular from workbench.view.extensions
2024-09-03 14:17:35.593 [info] Added views:workbench.views.extensions.popular in workbench.view.extensions
2024-09-03 14:17:40.738 [info] Removed views:extensions.recommendedList,workbench.views.extensions.popular,workbench.views.extensions.installed from workbench.view.extensions
2024-09-03 14:17:40.752 [info] Added views:workbench.views.extensions.marketplace in workbench.view.extensions
2024-09-03 14:17:46.400 [info] Removed views:workbench.views.extensions.marketplace from workbench.view.extensions
2024-09-03 14:17:46.420 [info] Added views:workbench.views.extensions.installed,workbench.views.extensions.popular,extensions.recommendedList in workbench.view.extensions
2024-09-03 14:17:57.762 [info] Removed views:workbench.panel.repl.view from workbench.panel.repl
2024-09-03 14:17:57.872 [info] Added views:workbench.panel.repl.view in workbench.panel.repl
2024-09-03 14:18:12.415 [info] Removed views:workbench.panel.repl.view from workbench.panel.repl
2024-09-03 14:18:12.499 [info] Added views:workbench.panel.repl.view in workbench.panel.repl
2024-09-03 14:18:26.810 [info] Removed views:extensions.recommendedList,workbench.views.extensions.popular,workbench.views.extensions.installed from workbench.view.extensions
2024-09-03 14:18:26.838 [info] Added views:workbench.views.extensions.marketplace in workbench.view.extensions
2024-09-03 14:18:40.109 [info] Removed views:workbench.panel.repl.view from workbench.panel.repl
2024-09-03 14:18:40.200 [info] Added views:workbench.panel.repl.view in workbench.panel.repl
2024-09-03 14:18:50.591 [info] Removed views:workbench.views.extensions.marketplace from workbench.view.extensions
2024-09-03 14:18:50.611 [info] Added views:workbench.views.extensions.installed,workbench.views.extensions.popular,extensions.recommendedList in workbench.view.extensions
