2024-09-05 13:13:17.817 [info] Extension host with pid 16138 started
2024-09-05 13:13:17.817 [info] Skipping acquiring lock for /home/sasham/.config/Code/User/workspaceStorage/8bf94305a61796de6fe2389895deffc8.
2024-09-05 13:13:18.144 [info] ExtensionService#_doActivateExtension vscode.git-base, startup: true, activationEvent: '*', root cause: vscode.git
2024-09-05 13:13:18.151 [info] ExtensionService#_doActivateExtension firsttris.vscode-jest-runner, startup: true, activationEvent: '*'
2024-09-05 13:13:18.245 [info] ExtensionService#_doActivateExtension vscode.npm, startup: true, activationEvent: 'workspaceContains:package.json'
2024-09-05 13:13:18.295 [info] ExtensionService#_doActivateExtension vscode.git, startup: true, activationEvent: '*'
2024-09-05 13:13:18.328 [info] ExtensionService#_doActivateExtension vscode.github, startup: true, activationEvent: '*'
2024-09-05 13:13:18.381 [info] ExtensionService#_doActivateExtension vscode.github-authentication, startup: false, activationEvent: 'onAuthenticationRequest:github'
2024-09-05 13:13:18.474 [info] Eager extensions activated
2024-09-05 13:13:18.594 [info] ExtensionService#_doActivateExtension vscode.debug-auto-launch, startup: false, activationEvent: 'onStartupFinished'
2024-09-05 13:13:18.596 [info] ExtensionService#_doActivateExtension vscode.merge-conflict, startup: false, activationEvent: 'onStartupFinished'
2024-09-05 13:13:18.604 [info] ExtensionService#_doActivateExtension bradlc.vscode-tailwindcss, startup: false, activationEvent: 'onStartupFinished'
2024-09-05 13:13:18.623 [info] ExtensionService#_doActivateExtension dbaeumer.vscode-eslint, startup: false, activationEvent: 'onStartupFinished'
2024-09-05 13:13:18.632 [info] ExtensionService#_doActivateExtension esbenp.prettier-vscode, startup: false, activationEvent: 'onStartupFinished'
2024-09-05 13:13:18.683 [info] ExtensionService#_doActivateExtension nrwl.angular-console, startup: false, activationEvent: 'onStartupFinished'
2024-09-05 13:13:18.889 [info] ExtensionService#_doActivateExtension ritwickdey.LiveServer, startup: false, activationEvent: 'onStartupFinished'
2024-09-05 13:13:18.955 [info] ExtensionService#_doActivateExtension vscode.typescript-language-features, startup: false, activationEvent: 'api', root cause: nrwl.angular-console
2024-09-05 13:14:38.182 [info] ExtensionService#_doActivateExtension vscode.emmet, startup: false, activationEvent: 'onLanguage'
2024-09-05 13:14:39.423 [warning] [Decorations] CAPPING events from decorations provider vscode.git 10000
2024-09-05 13:14:40.831 [warning] [Decorations] CAPPING events from decorations provider vscode.git 10000
2024-09-05 13:14:46.439 [warning] [Decorations] CAPPING events from decorations provider vscode.git 10000
2024-09-05 13:16:38.381 [warning] [Decorations] CAPPING events from decorations provider vscode.git 10000
2024-09-05 13:17:47.378 [warning] [Decorations] CAPPING events from decorations provider vscode.git 10000
2024-09-05 13:18:04.008 [info] ExtensionService#_doActivateExtension vscode.css-language-features, startup: false, activationEvent: 'onLanguage:css'
2024-09-05 13:18:14.805 [info] ExtensionService#_doActivateExtension vscode.configuration-editing, startup: false, activationEvent: 'onLanguage:jsonc'
2024-09-05 13:18:14.812 [info] ExtensionService#_doActivateExtension vscode.json-language-features, startup: false, activationEvent: 'onLanguage:jsonc'
