2024-09-05 11:28:53.288 [info] [main] Log level: Info
2024-09-05 11:28:53.288 [info] [main] Validating found git in: "git"
2024-09-05 11:28:53.288 [info] [main] Using git "2.43.0" from "git"
2024-09-05 11:28:53.288 [info] [Model][doInitialScan] Initial repository scan started
2024-09-05 11:28:53.288 [info] > git rev-parse --show-toplevel [37ms]
2024-09-05 11:28:53.288 [info] fatal: not a git repository (or any of the parent directories): .git
2024-09-05 11:28:53.288 [info] [Model][doInitialScan] Initial repository scan completed - repositories (0), closed repositories (0), parent repositories (0), unsafe repositories (0)
2024-09-05 11:29:04.038 [info] > git rev-parse --show-toplevel [3ms]
2024-09-05 11:29:04.038 [info] fatal: not a git repository (or any of the parent directories): .git
2024-09-05 11:49:44.623 [info] > git clone https://github.com/S-mic/landing-page.git /home/sasham/Projects/landing-page --progress [897ms]
2024-09-05 11:49:44.623 [info] Cloning into '/home/sasham/Projects/landing-page'...
remote: Enumerating objects: 3, done.        
remote: Counting objects:  33% (1/3)        remote: Counting objects:  66% (2/3)        remote: Counting objects: 100% (3/3)        remote: Counting objects: 100% (3/3), done.        
remote: Total 3 (delta 0), reused 3 (delta 0), pack-reused 0 (from 0)        
Receiving objects:  33% (1/3)Receiving objects:  66% (2/3)Receiving objects: 100% (3/3)Receiving objects: 100% (3/3), done.
2024-09-05 11:49:50.362 [info] [main] Log level: Info
2024-09-05 11:49:50.362 [info] [main] Validating found git in: "git"
2024-09-05 11:49:50.362 [info] [main] Using git "2.43.0" from "git"
2024-09-05 11:49:50.362 [info] [Model][doInitialScan] Initial repository scan started
2024-09-05 11:49:50.362 [info] > git rev-parse --show-toplevel [17ms]
2024-09-05 11:49:50.434 [info] > git rev-parse --git-dir --git-common-dir [67ms]
2024-09-05 11:49:50.454 [info] [Model][openRepository] Opened repository: /home/sasham/Projects/landing-page
2024-09-05 11:49:50.460 [info] [Model][doInitialScan] Initial repository scan completed - repositories (1), closed repositories (0), parent repositories (0), unsafe repositories (0)
2024-09-05 11:49:50.478 [info] > git config --get commit.template [5ms]
2024-09-05 11:49:50.495 [info] > git for-each-ref --format=%(refname)%00%(upstream:short)%00%(objectname)%00%(upstream:track)%00%(upstream:remotename)%00%(upstream:remoteref) refs/heads/main refs/remotes/main [5ms]
2024-09-05 11:49:50.508 [warning] [Git][revParse] Unable to read file: ENOENT: no such file or directory, open '/home/sasham/Projects/landing-page/.git/refs/remotes/origin/main'
2024-09-05 11:49:50.517 [info] > git rev-parse refs/remotes/origin/main [9ms]
2024-09-05 11:49:50.547 [info] > git status -z -uall [21ms]
2024-09-05 11:49:50.569 [info] > git for-each-ref --format=%(refname)%00%(upstream:short)%00%(objectname)%00%(upstream:track)%00%(upstream:remotename)%00%(upstream:remoteref) refs/heads/main refs/remotes/main [16ms]
2024-09-05 11:49:50.583 [info] > git config --get commit.template [16ms]
2024-09-05 11:49:50.599 [info] > git config --local branch.main.vscode-merge-base [23ms]
2024-09-05 11:49:50.599 [warning] [Git][config] git config failed: Failed to execute git
2024-09-05 11:49:50.625 [info] > git for-each-ref --format=%(refname)%00%(upstream:short)%00%(objectname)%00%(upstream:track)%00%(upstream:remotename)%00%(upstream:remoteref) refs/heads/main refs/remotes/main [13ms]
2024-09-05 11:49:50.625 [info] > git reflog main --grep-reflog=branch: Created from *. [21ms]
2024-09-05 11:49:50.687 [warning] [Git][revParse] Unable to read file: ENOENT: no such file or directory, open '/home/sasham/Projects/landing-page/.git/refs/remotes/origin/main'
2024-09-05 11:49:50.689 [info] > git symbolic-ref --short refs/remotes/origin/HEAD [58ms]
2024-09-05 11:49:50.791 [info] > git for-each-ref --format=%(refname)%00%(upstream:short)%00%(objectname)%00%(upstream:track)%00%(upstream:remotename)%00%(upstream:remoteref) refs/heads/origin/main refs/remotes/origin/main [98ms]
2024-09-05 11:49:50.802 [info] > git rev-parse refs/remotes/origin/main [115ms]
2024-09-05 11:49:50.822 [info] > git status -z -uall [13ms]
2024-09-05 11:49:50.833 [info] > git config --local branch.main.vscode-merge-base origin/main [32ms]
2024-09-05 11:49:50.842 [info] > git for-each-ref --format=%(refname)%00%(upstream:short)%00%(objectname)%00%(upstream:track)%00%(upstream:remotename)%00%(upstream:remoteref) refs/heads/main refs/remotes/main [13ms]
2024-09-05 11:49:50.849 [info] > git config --get commit.template [7ms]
2024-09-05 11:49:50.872 [info] > git config --local branch.main.vscode-merge-base [25ms]
2024-09-05 11:49:50.882 [info] > git for-each-ref --format=%(refname)%00%(upstream:short)%00%(objectname)%00%(upstream:track)%00%(upstream:remotename)%00%(upstream:remoteref) refs/heads/origin/main refs/remotes/origin/main [5ms]
2024-09-05 11:49:50.893 [info] > git merge-base refs/heads/main refs/remotes/origin/main [3ms]
2024-09-05 11:49:50.898 [info] > git for-each-ref --format=%(refname)%00%(upstream:short)%00%(objectname)%00%(upstream:track)%00%(upstream:remotename)%00%(upstream:remoteref) refs/heads/main refs/remotes/main [17ms]
2024-09-05 11:49:50.904 [warning] [Git][revParse] Unable to read file: ENOENT: no such file or directory, open '/home/sasham/Projects/landing-page/.git/refs/remotes/origin/main'
2024-09-05 11:49:50.905 [info] > git rev-list --count --left-right refs/heads/main...refs/remotes/origin/main [7ms]
2024-09-05 11:49:50.917 [info] > git rev-parse refs/remotes/origin/main [13ms]
2024-09-05 11:49:50.922 [info] > git diff --name-status -z --diff-filter=ADMR fd0f1b7a08db9c0ed6d0c0a7a7150f407d16d30d...refs/remotes/origin/main [12ms]
2024-09-05 11:49:50.923 [info] > git status -z -uall [2ms]
2024-09-05 11:49:50.932 [info] > git for-each-ref --format=%(refname)%00%(upstream:short)%00%(objectname)%00%(upstream:track)%00%(upstream:remotename)%00%(upstream:remoteref) refs/heads/main refs/remotes/main [3ms]
2024-09-05 11:49:50.938 [info] > git config --local branch.main.vscode-merge-base [2ms]
2024-09-05 11:49:50.943 [info] > git for-each-ref --format=%(refname)%00%(upstream:short)%00%(objectname)%00%(upstream:track)%00%(upstream:remotename)%00%(upstream:remoteref) refs/heads/origin/main refs/remotes/origin/main [1ms]
2024-09-05 11:49:51.107 [info] > git check-ignore -v -z --stdin [2ms]
2024-09-05 11:52:09.330 [info] > git check-ignore -v -z --stdin [2ms]
2024-09-05 11:52:12.795 [info] > git config --get commit.template [8ms]
2024-09-05 11:52:12.795 [info] > git for-each-ref --format=%(refname)%00%(upstream:short)%00%(objectname)%00%(upstream:track)%00%(upstream:remotename)%00%(upstream:remoteref) refs/heads/main refs/remotes/main [2ms]
2024-09-05 11:52:12.800 [warning] [Git][revParse] Unable to read file: ENOENT: no such file or directory, open '/home/sasham/Projects/landing-page/.git/refs/remotes/origin/main'
2024-09-05 11:52:12.801 [info] > git rev-parse refs/remotes/origin/main [1ms]
2024-09-05 11:52:12.810 [info] > git status -z -uall [3ms]
2024-09-05 11:52:12.824 [info] > git for-each-ref --format=%(refname)%00%(upstream:short)%00%(objectname)%00%(upstream:track)%00%(upstream:remotename)%00%(upstream:remoteref) refs/heads/main refs/remotes/main [7ms]
2024-09-05 11:52:12.834 [info] > git config --local branch.main.vscode-merge-base [3ms]
2024-09-05 11:52:12.841 [info] > git for-each-ref --format=%(refname)%00%(upstream:short)%00%(objectname)%00%(upstream:track)%00%(upstream:remotename)%00%(upstream:remoteref) refs/heads/origin/main refs/remotes/origin/main [1ms]
2024-09-05 11:52:15.624 [info] > git merge-base refs/heads/main refs/remotes/origin/main [3ms]
2024-09-05 11:52:15.638 [info] > git show -s --decorate=full --shortstat --format=%H%n%aN%n%aE%n%at%n%ct%n%P%n%D%n%B -z fd0f1b7a08db9c0ed6d0c0a7a7150f407d16d30d [6ms]
2024-09-05 11:52:15.640 [info] > git log --format=%H%n%aN%n%aE%n%at%n%ct%n%P%n%D%n%B -z --shortstat --diff-merges=first-parent fd0f1b7a08db9c0ed6d0c0a7a7150f407d16d30d.. --topo-order --decorate=full refs/heads/main refs/remotes/origin/main [3ms]
2024-09-05 11:52:15.733 [info] > git merge-base refs/heads/main refs/remotes/origin/main [3ms]
2024-09-05 11:52:15.760 [info] > git show -s --decorate=full --shortstat --format=%H%n%aN%n%aE%n%at%n%ct%n%P%n%D%n%B -z fd0f1b7a08db9c0ed6d0c0a7a7150f407d16d30d [8ms]
2024-09-05 11:52:15.763 [info] > git log --format=%H%n%aN%n%aE%n%at%n%ct%n%P%n%D%n%B -z --shortstat --diff-merges=first-parent fd0f1b7a08db9c0ed6d0c0a7a7150f407d16d30d.. --topo-order --decorate=full refs/heads/main refs/remotes/origin/main [4ms]
2024-09-05 11:52:34.306 [info] > git add -A -- . [4ms]
2024-09-05 11:52:34.326 [info] > git -c user.useConfigOnly=true commit --quiet --allow-empty-message --file - [11ms]
2024-09-05 11:52:34.333 [info] > git config --get commit.template [2ms]
2024-09-05 11:52:34.349 [info] > git config --get commit.template [4ms]
2024-09-05 11:52:34.362 [info] > git for-each-ref --format=%(refname)%00%(upstream:short)%00%(objectname)%00%(upstream:track)%00%(upstream:remotename)%00%(upstream:remoteref) refs/heads/main refs/remotes/main [2ms]
2024-09-05 11:52:34.368 [warning] [Git][revParse] Unable to read file: ENOENT: no such file or directory, open '/home/sasham/Projects/landing-page/.git/refs/remotes/origin/main'
2024-09-05 11:52:34.370 [info] > git rev-parse refs/remotes/origin/main [2ms]
2024-09-05 11:52:34.382 [info] > git status -z -uall [4ms]
2024-09-05 11:52:34.400 [info] > git for-each-ref --format=%(refname)%00%(upstream:short)%00%(objectname)%00%(upstream:track)%00%(upstream:remotename)%00%(upstream:remoteref) refs/heads/main refs/remotes/main [9ms]
2024-09-05 11:52:34.411 [info] > git config --local branch.main.vscode-merge-base [2ms]
2024-09-05 11:52:34.422 [info] > git for-each-ref --format=%(refname)%00%(upstream:short)%00%(objectname)%00%(upstream:track)%00%(upstream:remotename)%00%(upstream:remoteref) refs/heads/origin/main refs/remotes/origin/main [4ms]
2024-09-05 11:52:34.432 [info] > git merge-base refs/heads/main refs/remotes/origin/main [3ms]
2024-09-05 11:52:34.445 [info] > git rev-list --count --left-right refs/heads/main...refs/remotes/origin/main [2ms]
2024-09-05 11:52:34.455 [info] > git diff --name-status -z --diff-filter=ADMR fd0f1b7a08db9c0ed6d0c0a7a7150f407d16d30d...refs/remotes/origin/main [3ms]
2024-09-05 11:52:34.515 [info] > git merge-base refs/heads/main refs/remotes/origin/main [4ms]
2024-09-05 11:52:34.515 [info] > git config --get commit.template [13ms]
2024-09-05 11:52:34.531 [info] > git show -s --decorate=full --shortstat --format=%H%n%aN%n%aE%n%at%n%ct%n%P%n%D%n%B -z fd0f1b7a08db9c0ed6d0c0a7a7150f407d16d30d [10ms]
2024-09-05 11:52:34.532 [info] > git log --format=%H%n%aN%n%aE%n%at%n%ct%n%P%n%D%n%B -z --shortstat --diff-merges=first-parent fd0f1b7a08db9c0ed6d0c0a7a7150f407d16d30d.. --topo-order --decorate=full refs/heads/main refs/remotes/origin/main [6ms]
2024-09-05 11:52:34.533 [info] > git for-each-ref --format=%(refname)%00%(upstream:short)%00%(objectname)%00%(upstream:track)%00%(upstream:remotename)%00%(upstream:remoteref) refs/heads/main refs/remotes/main [2ms]
2024-09-05 11:52:34.540 [warning] [Git][revParse] Unable to read file: ENOENT: no such file or directory, open '/home/sasham/Projects/landing-page/.git/refs/remotes/origin/main'
2024-09-05 11:52:34.542 [info] > git rev-parse refs/remotes/origin/main [2ms]
2024-09-05 11:52:34.549 [info] > git status -z -uall [3ms]
2024-09-05 11:52:34.559 [info] > git for-each-ref --format=%(refname)%00%(upstream:short)%00%(objectname)%00%(upstream:track)%00%(upstream:remotename)%00%(upstream:remoteref) refs/heads/main refs/remotes/main [3ms]
2024-09-05 11:52:34.567 [info] > git config --local branch.main.vscode-merge-base [2ms]
2024-09-05 11:52:34.582 [info] > git for-each-ref --format=%(refname)%00%(upstream:short)%00%(objectname)%00%(upstream:track)%00%(upstream:remotename)%00%(upstream:remoteref) refs/heads/origin/main refs/remotes/origin/main [6ms]
2024-09-05 11:52:38.404 [info] > git log --oneline --cherry main...main@{upstream} -- [17ms]
2024-09-05 11:52:39.099 [info] > git pull --tags origin main [690ms]
2024-09-05 11:52:39.099 [info] From https://github.com/S-mic/landing-page
 * branch            main       -> FETCH_HEAD
2024-09-05 11:52:40.628 [info] > git push origin main:main [1524ms]
2024-09-05 11:52:40.628 [info] To https://github.com/S-mic/landing-page.git
   fd0f1b7..ea04bb8  main -> main
2024-09-05 11:52:40.639 [info] > git config --get commit.template [6ms]
2024-09-05 11:52:40.640 [info] > git for-each-ref --format=%(refname)%00%(upstream:short)%00%(objectname)%00%(upstream:track)%00%(upstream:remotename)%00%(upstream:remoteref) refs/heads/main refs/remotes/main [2ms]
2024-09-05 11:52:40.647 [info] > git status -z -uall [2ms]
2024-09-05 11:52:40.660 [info] > git for-each-ref --format=%(refname)%00%(upstream:short)%00%(objectname)%00%(upstream:track)%00%(upstream:remotename)%00%(upstream:remoteref) refs/heads/main refs/remotes/main [6ms]
2024-09-05 11:52:40.667 [info] > git config --local branch.main.vscode-merge-base [1ms]
2024-09-05 11:52:40.678 [info] > git for-each-ref --format=%(refname)%00%(upstream:short)%00%(objectname)%00%(upstream:track)%00%(upstream:remotename)%00%(upstream:remoteref) refs/heads/origin/main refs/remotes/origin/main [3ms]
2024-09-05 11:52:40.686 [info] > git merge-base refs/heads/main refs/remotes/origin/main [2ms]
2024-09-05 11:52:40.695 [info] > git rev-list --count --left-right refs/heads/main...refs/remotes/origin/main [3ms]
2024-09-05 11:52:40.703 [info] > git diff --name-status -z --diff-filter=ADMR ea04bb86363d59bbd8048cc3b3c63c3dd3e0cb0b...refs/remotes/origin/main [2ms]
2024-09-05 11:52:40.731 [info] > git merge-base refs/heads/main refs/remotes/origin/main [3ms]
2024-09-05 11:52:40.748 [info] > git show -s --decorate=full --shortstat --format=%H%n%aN%n%aE%n%at%n%ct%n%P%n%D%n%B -z ea04bb86363d59bbd8048cc3b3c63c3dd3e0cb0b [5ms]
2024-09-05 11:52:40.750 [info] > git log --format=%H%n%aN%n%aE%n%at%n%ct%n%P%n%D%n%B -z --shortstat --diff-merges=first-parent ea04bb86363d59bbd8048cc3b3c63c3dd3e0cb0b.. --topo-order --decorate=full refs/heads/main refs/remotes/origin/main [3ms]
2024-09-05 11:52:41.751 [info] > git config --get commit.template [7ms]
2024-09-05 11:52:41.752 [info] > git for-each-ref --format=%(refname)%00%(upstream:short)%00%(objectname)%00%(upstream:track)%00%(upstream:remotename)%00%(upstream:remoteref) refs/heads/main refs/remotes/main [2ms]
2024-09-05 11:52:41.759 [info] > git status -z -uall [2ms]
2024-09-05 11:52:41.768 [info] > git for-each-ref --format=%(refname)%00%(upstream:short)%00%(objectname)%00%(upstream:track)%00%(upstream:remotename)%00%(upstream:remoteref) refs/heads/main refs/remotes/main [3ms]
2024-09-05 11:52:41.774 [info] > git config --local branch.main.vscode-merge-base [1ms]
2024-09-05 11:52:41.781 [info] > git for-each-ref --format=%(refname)%00%(upstream:short)%00%(objectname)%00%(upstream:track)%00%(upstream:remotename)%00%(upstream:remoteref) refs/heads/origin/main refs/remotes/origin/main [2ms]
2024-09-05 11:52:48.379 [info] > git fetch [754ms]
2024-09-05 11:52:48.389 [info] > git config --get commit.template [5ms]
2024-09-05 11:52:48.390 [info] > git for-each-ref --format=%(refname)%00%(upstream:short)%00%(objectname)%00%(upstream:track)%00%(upstream:remotename)%00%(upstream:remoteref) refs/heads/main refs/remotes/main [1ms]
2024-09-05 11:52:48.397 [info] > git status -z -uall [2ms]
2024-09-05 11:52:48.407 [info] > git for-each-ref --format=%(refname)%00%(upstream:short)%00%(objectname)%00%(upstream:track)%00%(upstream:remotename)%00%(upstream:remoteref) refs/heads/main refs/remotes/main [3ms]
2024-09-05 11:52:48.412 [info] > git config --local branch.main.vscode-merge-base [1ms]
2024-09-05 11:52:48.419 [info] > git for-each-ref --format=%(refname)%00%(upstream:short)%00%(objectname)%00%(upstream:track)%00%(upstream:remotename)%00%(upstream:remoteref) refs/heads/origin/main refs/remotes/origin/main [2ms]
2024-09-05 11:52:49.472 [info] > git config --get commit.template [8ms]
2024-09-05 11:52:49.473 [info] > git for-each-ref --format=%(refname)%00%(upstream:short)%00%(objectname)%00%(upstream:track)%00%(upstream:remotename)%00%(upstream:remoteref) refs/heads/main refs/remotes/main [2ms]
2024-09-05 11:52:49.482 [info] > git status -z -uall [3ms]
2024-09-05 11:52:49.492 [info] > git for-each-ref --format=%(refname)%00%(upstream:short)%00%(objectname)%00%(upstream:track)%00%(upstream:remotename)%00%(upstream:remoteref) refs/heads/main refs/remotes/main [3ms]
2024-09-05 11:52:49.499 [info] > git config --local branch.main.vscode-merge-base [1ms]
2024-09-05 11:52:49.505 [info] > git for-each-ref --format=%(refname)%00%(upstream:short)%00%(objectname)%00%(upstream:track)%00%(upstream:remotename)%00%(upstream:remoteref) refs/heads/origin/main refs/remotes/origin/main [1ms]
2024-09-05 11:52:53.629 [info] > git merge-base refs/heads/main refs/remotes/origin/main [3ms]
2024-09-05 11:52:53.643 [info] > git show -s --decorate=full --shortstat --format=%H%n%aN%n%aE%n%at%n%ct%n%P%n%D%n%B -z ea04bb86363d59bbd8048cc3b3c63c3dd3e0cb0b [5ms]
2024-09-05 11:52:53.645 [info] > git log --format=%H%n%aN%n%aE%n%at%n%ct%n%P%n%D%n%B -z --shortstat --diff-merges=first-parent ea04bb86363d59bbd8048cc3b3c63c3dd3e0cb0b.. --topo-order --decorate=full refs/heads/main refs/remotes/origin/main [2ms]
2024-09-05 11:52:55.568 [info] > git show --textconv :index.html [21ms]
2024-09-05 11:52:55.573 [info] > git ls-files --stage -- /home/sasham/Projects/landing-page/index.html [7ms]
2024-09-05 11:52:55.625 [info] > git cat-file -s 8c738ec29ab4a0efa7cd7ec103a3b0a2d868f91e [26ms]
2024-09-05 12:38:11.075 [info] > git fetch [822ms]
2024-09-05 12:38:11.098 [info] > git config --get commit.template [11ms]
2024-09-05 12:38:11.100 [info] > git for-each-ref --format=%(refname)%00%(upstream:short)%00%(objectname)%00%(upstream:track)%00%(upstream:remotename)%00%(upstream:remoteref) refs/heads/main refs/remotes/main [2ms]
2024-09-05 12:38:11.114 [info] > git status -z -uall [4ms]
2024-09-05 12:38:11.134 [info] > git for-each-ref --format=%(refname)%00%(upstream:short)%00%(objectname)%00%(upstream:track)%00%(upstream:remotename)%00%(upstream:remoteref) refs/heads/main refs/remotes/main [8ms]
2024-09-05 12:38:11.154 [info] > git config --local branch.main.vscode-merge-base [6ms]
2024-09-05 12:38:11.174 [info] > git for-each-ref --format=%(refname)%00%(upstream:short)%00%(objectname)%00%(upstream:track)%00%(upstream:remotename)%00%(upstream:remoteref) refs/heads/origin/main refs/remotes/origin/main [7ms]
2024-09-05 12:38:12.186 [info] > git config --get commit.template [9ms]
2024-09-05 12:38:12.213 [info] > git for-each-ref --format=%(refname)%00%(upstream:short)%00%(objectname)%00%(upstream:track)%00%(upstream:remotename)%00%(upstream:remoteref) refs/heads/main refs/remotes/main [7ms]
2024-09-05 12:38:12.245 [info] > git status -z -uall [10ms]
2024-09-05 12:38:12.284 [info] > git for-each-ref --format=%(refname)%00%(upstream:short)%00%(objectname)%00%(upstream:track)%00%(upstream:remotename)%00%(upstream:remoteref) refs/heads/main refs/remotes/main [13ms]
2024-09-05 12:38:12.314 [info] > git config --local branch.main.vscode-merge-base [6ms]
2024-09-05 12:38:12.340 [info] > git for-each-ref --format=%(refname)%00%(upstream:short)%00%(objectname)%00%(upstream:track)%00%(upstream:remotename)%00%(upstream:remoteref) refs/heads/origin/main refs/remotes/origin/main [5ms]
2024-09-05 12:38:12.368 [info] > git ls-files --stage -- /home/sasham/Projects/landing-page/index.html [6ms]
2024-09-05 12:38:12.394 [info] > git cat-file -s 8c738ec29ab4a0efa7cd7ec103a3b0a2d868f91e [8ms]
2024-09-05 12:38:12.462 [info] > git show --textconv :index.html [9ms]
2024-09-05 12:38:31.877 [info] > git config --get commit.template [15ms]
2024-09-05 12:38:31.880 [info] > git for-each-ref --format=%(refname)%00%(upstream:short)%00%(objectname)%00%(upstream:track)%00%(upstream:remotename)%00%(upstream:remoteref) refs/heads/main refs/remotes/main [5ms]
2024-09-05 12:38:31.906 [info] > git status -z -uall [6ms]
2024-09-05 12:38:31.940 [info] > git for-each-ref --format=%(refname)%00%(upstream:short)%00%(objectname)%00%(upstream:track)%00%(upstream:remotename)%00%(upstream:remoteref) refs/heads/main refs/remotes/main [12ms]
2024-09-05 12:38:31.963 [info] > git config --local branch.main.vscode-merge-base [7ms]
2024-09-05 12:38:31.982 [info] > git for-each-ref --format=%(refname)%00%(upstream:short)%00%(objectname)%00%(upstream:track)%00%(upstream:remotename)%00%(upstream:remoteref) refs/heads/origin/main refs/remotes/origin/main [5ms]
2024-09-05 12:38:47.700 [info] > git config --get commit.template [30ms]
2024-09-05 12:38:47.705 [info] > git for-each-ref --format=%(refname)%00%(upstream:short)%00%(objectname)%00%(upstream:track)%00%(upstream:remotename)%00%(upstream:remoteref) refs/heads/main refs/remotes/main [8ms]
2024-09-05 12:38:47.732 [info] > git status -z -uall [10ms]
2024-09-05 12:38:47.789 [info] > git for-each-ref --format=%(refname)%00%(upstream:short)%00%(objectname)%00%(upstream:track)%00%(upstream:remotename)%00%(upstream:remoteref) refs/heads/main refs/remotes/main [29ms]
2024-09-05 12:38:47.819 [info] > git config --local branch.main.vscode-merge-base [6ms]
2024-09-05 12:38:47.854 [info] > git for-each-ref --format=%(refname)%00%(upstream:short)%00%(objectname)%00%(upstream:track)%00%(upstream:remotename)%00%(upstream:remoteref) refs/heads/origin/main refs/remotes/origin/main [9ms]
2024-09-05 12:38:55.146 [info] > git config --get commit.template [13ms]
2024-09-05 12:38:55.148 [info] > git for-each-ref --format=%(refname)%00%(upstream:short)%00%(objectname)%00%(upstream:track)%00%(upstream:remotename)%00%(upstream:remoteref) refs/heads/main refs/remotes/main [3ms]
2024-09-05 12:38:55.158 [info] > git status -z -uall [3ms]
2024-09-05 12:38:55.189 [info] > git for-each-ref --format=%(refname)%00%(upstream:short)%00%(objectname)%00%(upstream:track)%00%(upstream:remotename)%00%(upstream:remoteref) refs/heads/main refs/remotes/main [11ms]
2024-09-05 12:38:55.206 [info] > git config --local branch.main.vscode-merge-base [8ms]
2024-09-05 12:38:55.215 [info] > git for-each-ref --format=%(refname)%00%(upstream:short)%00%(objectname)%00%(upstream:track)%00%(upstream:remotename)%00%(upstream:remoteref) refs/heads/origin/main refs/remotes/origin/main [3ms]
2024-09-05 12:39:14.800 [info] > git config --get commit.template [1ms]
2024-09-05 12:39:14.810 [info] > git for-each-ref --format=%(refname)%00%(upstream:short)%00%(objectname)%00%(upstream:track)%00%(upstream:remotename)%00%(upstream:remoteref) refs/heads/main refs/remotes/main [3ms]
2024-09-05 12:39:14.822 [info] > git status -z -uall [5ms]
2024-09-05 12:39:14.841 [info] > git for-each-ref --format=%(refname)%00%(upstream:short)%00%(objectname)%00%(upstream:track)%00%(upstream:remotename)%00%(upstream:remoteref) refs/heads/main refs/remotes/main [5ms]
2024-09-05 12:39:14.859 [info] > git config --local branch.main.vscode-merge-base [6ms]
2024-09-05 12:39:14.876 [info] > git for-each-ref --format=%(refname)%00%(upstream:short)%00%(objectname)%00%(upstream:track)%00%(upstream:remotename)%00%(upstream:remoteref) refs/heads/origin/main refs/remotes/origin/main [4ms]
2024-09-05 12:39:49.269 [info] > git config --get commit.template [10ms]
2024-09-05 12:39:49.271 [info] > git for-each-ref --format=%(refname)%00%(upstream:short)%00%(objectname)%00%(upstream:track)%00%(upstream:remotename)%00%(upstream:remoteref) refs/heads/main refs/remotes/main [3ms]
2024-09-05 12:39:49.281 [info] > git status -z -uall [3ms]
2024-09-05 12:39:49.303 [info] > git for-each-ref --format=%(refname)%00%(upstream:short)%00%(objectname)%00%(upstream:track)%00%(upstream:remotename)%00%(upstream:remoteref) refs/heads/main refs/remotes/main [4ms]
2024-09-05 12:39:49.318 [info] > git config --local branch.main.vscode-merge-base [4ms]
2024-09-05 12:39:49.326 [info] > git for-each-ref --format=%(refname)%00%(upstream:short)%00%(objectname)%00%(upstream:track)%00%(upstream:remotename)%00%(upstream:remoteref) refs/heads/origin/main refs/remotes/origin/main [2ms]
2024-09-05 12:39:49.601 [info] > git merge-base refs/heads/main refs/remotes/origin/main [5ms]
2024-09-05 12:39:49.663 [info] > git show -s --decorate=full --shortstat --format=%H%n%aN%n%aE%n%at%n%ct%n%P%n%D%n%B -z ea04bb86363d59bbd8048cc3b3c63c3dd3e0cb0b [35ms]
2024-09-05 12:39:49.668 [info] > git log --format=%H%n%aN%n%aE%n%at%n%ct%n%P%n%D%n%B -z --shortstat --diff-merges=first-parent ea04bb86363d59bbd8048cc3b3c63c3dd3e0cb0b.. --topo-order --decorate=full refs/heads/main refs/remotes/origin/main [12ms]
2024-09-05 12:40:00.140 [info] > git add -A -- . [11ms]
2024-09-05 12:40:00.184 [info] > git -c user.useConfigOnly=true commit --quiet --allow-empty-message --file - [27ms]
2024-09-05 12:40:00.214 [info] > git config --get commit.template [8ms]
2024-09-05 12:40:00.260 [info] > git config --get commit.template [24ms]
2024-09-05 12:40:00.274 [info] > git for-each-ref --format=%(refname)%00%(upstream:short)%00%(objectname)%00%(upstream:track)%00%(upstream:remotename)%00%(upstream:remoteref) refs/heads/main refs/remotes/main [16ms]
2024-09-05 12:40:00.317 [info] > git status -z -uall [11ms]
2024-09-05 12:40:00.374 [info] > git for-each-ref --format=%(refname)%00%(upstream:short)%00%(objectname)%00%(upstream:track)%00%(upstream:remotename)%00%(upstream:remoteref) refs/heads/main refs/remotes/main [26ms]
2024-09-05 12:40:00.405 [info] > git config --local branch.main.vscode-merge-base [9ms]
2024-09-05 12:40:00.432 [info] > git for-each-ref --format=%(refname)%00%(upstream:short)%00%(objectname)%00%(upstream:track)%00%(upstream:remotename)%00%(upstream:remoteref) refs/heads/origin/main refs/remotes/origin/main [7ms]
2024-09-05 12:40:00.463 [info] > git merge-base refs/heads/main refs/remotes/origin/main [8ms]
2024-09-05 12:40:00.491 [info] > git rev-list --count --left-right refs/heads/main...refs/remotes/origin/main [8ms]
2024-09-05 12:40:00.519 [info] > git diff --name-status -z --diff-filter=ADMR ea04bb86363d59bbd8048cc3b3c63c3dd3e0cb0b...refs/remotes/origin/main [7ms]
2024-09-05 12:40:00.722 [info] > git config --get commit.template [36ms]
2024-09-05 12:40:00.761 [info] > git merge-base refs/heads/main refs/remotes/origin/main [49ms]
2024-09-05 12:40:00.778 [info] > git for-each-ref --format=%(refname)%00%(upstream:short)%00%(objectname)%00%(upstream:track)%00%(upstream:remotename)%00%(upstream:remoteref) refs/heads/main refs/remotes/main [23ms]
2024-09-05 12:40:00.819 [info] > git status -z -uall [10ms]
2024-09-05 12:40:00.866 [info] > git for-each-ref --format=%(refname)%00%(upstream:short)%00%(objectname)%00%(upstream:track)%00%(upstream:remotename)%00%(upstream:remoteref) refs/heads/main refs/remotes/main [18ms]
2024-09-05 12:40:00.896 [info] > git config --local branch.main.vscode-merge-base [6ms]
2024-09-05 12:40:00.933 [info] > git for-each-ref --format=%(refname)%00%(upstream:short)%00%(objectname)%00%(upstream:track)%00%(upstream:remotename)%00%(upstream:remoteref) refs/heads/origin/main refs/remotes/origin/main [13ms]
2024-09-05 12:40:01.034 [info] > git show -s --decorate=full --shortstat --format=%H%n%aN%n%aE%n%at%n%ct%n%P%n%D%n%B -z ea04bb86363d59bbd8048cc3b3c63c3dd3e0cb0b [50ms]
2024-09-05 12:40:01.054 [info] > git log --format=%H%n%aN%n%aE%n%at%n%ct%n%P%n%D%n%B -z --shortstat --diff-merges=first-parent ea04bb86363d59bbd8048cc3b3c63c3dd3e0cb0b.. --topo-order --decorate=full refs/heads/main refs/remotes/origin/main [30ms]
2024-09-05 12:40:01.478 [info] > git ls-files --stage -- /home/sasham/Projects/landing-page/index.html [2ms]
2024-09-05 12:40:01.485 [info] > git cat-file -s e628e908197dc4e2203b0c6e2b6c8b00c806509a [2ms]
2024-09-05 12:40:01.494 [info] > git show --textconv :index.html [2ms]
2024-09-05 12:46:37.305 [info] > git fetch [883ms]
2024-09-05 12:46:37.326 [info] > git config --get commit.template [10ms]
2024-09-05 12:46:37.329 [info] > git for-each-ref --format=%(refname)%00%(upstream:short)%00%(objectname)%00%(upstream:track)%00%(upstream:remotename)%00%(upstream:remoteref) refs/heads/main refs/remotes/main [5ms]
2024-09-05 12:46:37.339 [info] > git status -z -uall [2ms]
2024-09-05 12:46:37.361 [info] > git for-each-ref --format=%(refname)%00%(upstream:short)%00%(objectname)%00%(upstream:track)%00%(upstream:remotename)%00%(upstream:remoteref) refs/heads/main refs/remotes/main [8ms]
2024-09-05 12:46:37.374 [info] > git config --local branch.main.vscode-merge-base [3ms]
2024-09-05 12:46:37.384 [info] > git for-each-ref --format=%(refname)%00%(upstream:short)%00%(objectname)%00%(upstream:track)%00%(upstream:remotename)%00%(upstream:remoteref) refs/heads/origin/main refs/remotes/origin/main [3ms]
2024-09-05 12:46:38.421 [info] > git config --get commit.template [20ms]
2024-09-05 12:46:38.426 [info] > git for-each-ref --format=%(refname)%00%(upstream:short)%00%(objectname)%00%(upstream:track)%00%(upstream:remotename)%00%(upstream:remoteref) refs/heads/main refs/remotes/main [6ms]
2024-09-05 12:46:38.455 [info] > git status -z -uall [10ms]
2024-09-05 12:46:38.490 [info] > git for-each-ref --format=%(refname)%00%(upstream:short)%00%(objectname)%00%(upstream:track)%00%(upstream:remotename)%00%(upstream:remoteref) refs/heads/main refs/remotes/main [12ms]
2024-09-05 12:46:38.525 [info] > git config --local branch.main.vscode-merge-base [21ms]
2024-09-05 12:46:38.537 [info] > git ls-files --stage -- /home/sasham/Projects/landing-page/index.html [15ms]
2024-09-05 12:46:38.549 [info] > git for-each-ref --format=%(refname)%00%(upstream:short)%00%(objectname)%00%(upstream:track)%00%(upstream:remotename)%00%(upstream:remoteref) refs/heads/origin/main refs/remotes/origin/main [12ms]
2024-09-05 12:46:38.552 [info] > git cat-file -s e628e908197dc4e2203b0c6e2b6c8b00c806509a [7ms]
2024-09-05 12:46:38.576 [info] > git show --textconv :index.html [5ms]
2024-09-05 12:47:57.002 [info] > git log --oneline --cherry main...main@{upstream} -- [12ms]
2024-09-05 12:47:58.113 [info] > git pull --tags origin main [1085ms]
2024-09-05 12:47:58.113 [info] From https://github.com/S-mic/landing-page
 * branch            main       -> FETCH_HEAD
2024-09-05 12:48:01.385 [info] > git push origin main:main [3248ms]
2024-09-05 12:48:01.385 [info] To https://github.com/S-mic/landing-page.git
   ea04bb8..1e26756  main -> main
2024-09-05 12:48:01.449 [info] > git config --get commit.template [5ms]
2024-09-05 12:48:01.484 [info] > git for-each-ref --format=%(refname)%00%(upstream:short)%00%(objectname)%00%(upstream:track)%00%(upstream:remotename)%00%(upstream:remoteref) refs/heads/main refs/remotes/main [12ms]
2024-09-05 12:48:01.535 [info] > git status -z -uall [13ms]
2024-09-05 12:48:01.614 [info] > git for-each-ref --format=%(refname)%00%(upstream:short)%00%(objectname)%00%(upstream:track)%00%(upstream:remotename)%00%(upstream:remoteref) refs/heads/main refs/remotes/main [40ms]
2024-09-05 12:48:01.703 [info] > git config --local branch.main.vscode-merge-base [25ms]
2024-09-05 12:48:01.775 [info] > git for-each-ref --format=%(refname)%00%(upstream:short)%00%(objectname)%00%(upstream:track)%00%(upstream:remotename)%00%(upstream:remoteref) refs/heads/origin/main refs/remotes/origin/main [27ms]
2024-09-05 12:48:01.826 [info] > git merge-base refs/heads/main refs/remotes/origin/main [10ms]
2024-09-05 12:48:01.899 [info] > git rev-list --count --left-right refs/heads/main...refs/remotes/origin/main [23ms]
2024-09-05 12:48:01.987 [info] > git diff --name-status -z --diff-filter=ADMR 1e2675688cd3d31703a937f1e5f8b9d1963b2219...refs/remotes/origin/main [47ms]
2024-09-05 12:48:01.998 [info] > git merge-base refs/heads/main refs/remotes/origin/main [18ms]
2024-09-05 12:48:02.108 [info] > git show -s --decorate=full --shortstat --format=%H%n%aN%n%aE%n%at%n%ct%n%P%n%D%n%B -z 1e2675688cd3d31703a937f1e5f8b9d1963b2219 [34ms]
2024-09-05 12:48:02.123 [info] > git log --format=%H%n%aN%n%aE%n%at%n%ct%n%P%n%D%n%B -z --shortstat --diff-merges=first-parent 1e2675688cd3d31703a937f1e5f8b9d1963b2219.. --topo-order --decorate=full refs/heads/main refs/remotes/origin/main [23ms]
2024-09-05 13:00:20.849 [info] > git ls-files --stage -- /home/sasham/Projects/landing-page/index.html [5ms]
2024-09-05 13:00:20.874 [info] > git cat-file -s e628e908197dc4e2203b0c6e2b6c8b00c806509a [7ms]
2024-09-05 13:00:20.895 [info] > git show --textconv :index.html [4ms]
2024-09-05 13:00:21.516 [info] > git fetch [708ms]
2024-09-05 13:00:21.542 [info] > git config --get commit.template [13ms]
2024-09-05 13:00:21.547 [info] > git for-each-ref --format=%(refname)%00%(upstream:short)%00%(objectname)%00%(upstream:track)%00%(upstream:remotename)%00%(upstream:remoteref) refs/heads/main refs/remotes/main [6ms]
2024-09-05 13:00:21.558 [info] > git status -z -uall [2ms]
2024-09-05 13:00:21.585 [info] > git for-each-ref --format=%(refname)%00%(upstream:short)%00%(objectname)%00%(upstream:track)%00%(upstream:remotename)%00%(upstream:remoteref) refs/heads/main refs/remotes/main [8ms]
2024-09-05 13:00:21.595 [info] > git config --local branch.main.vscode-merge-base [4ms]
2024-09-05 13:00:21.607 [info] > git for-each-ref --format=%(refname)%00%(upstream:short)%00%(objectname)%00%(upstream:track)%00%(upstream:remotename)%00%(upstream:remoteref) refs/heads/origin/main refs/remotes/origin/main [4ms]
2024-09-05 13:00:22.621 [info] > git config --get commit.template [19ms]
2024-09-05 13:00:22.626 [info] > git for-each-ref --format=%(refname)%00%(upstream:short)%00%(objectname)%00%(upstream:track)%00%(upstream:remotename)%00%(upstream:remoteref) refs/heads/main refs/remotes/main [7ms]
2024-09-05 13:00:22.643 [info] > git status -z -uall [4ms]
2024-09-05 13:00:22.666 [info] > git for-each-ref --format=%(refname)%00%(upstream:short)%00%(objectname)%00%(upstream:track)%00%(upstream:remotename)%00%(upstream:remoteref) refs/heads/main refs/remotes/main [9ms]
2024-09-05 13:00:22.688 [info] > git config --local branch.main.vscode-merge-base [7ms]
2024-09-05 13:00:22.710 [info] > git for-each-ref --format=%(refname)%00%(upstream:short)%00%(objectname)%00%(upstream:track)%00%(upstream:remotename)%00%(upstream:remoteref) refs/heads/origin/main refs/remotes/origin/main [7ms]
2024-09-05 13:00:22.841 [info] > git ls-files --stage -- /home/sasham/Projects/landing-page/index.html [6ms]
2024-09-05 13:00:22.872 [info] > git cat-file -s e628e908197dc4e2203b0c6e2b6c8b00c806509a [6ms]
2024-09-05 13:00:22.884 [info] > git show --textconv :index.html [3ms]
