2024-09-03 16:38:32.889 [info] Reading sessions from keychain...
2024-09-03 16:38:32.889 [info] Getting sessions for all scopes...
2024-09-03 16:38:32.889 [info] Getting sessions for all scopes...
2024-09-03 16:38:32.889 [info] Got stored sessions!
2024-09-03 16:38:32.889 [info] Got 1 verified sessions.
2024-09-03 16:38:32.889 [info] Got 1 sessions for ...
2024-09-03 16:38:32.889 [info] Got 1 sessions for ...
2024-09-03 16:38:32.890 [info] Getting sessions for read:user,repo,user:email,workflow...
2024-09-03 16:38:32.890 [info] Got 1 sessions for read:user,repo,user:email,workflow...
2024-09-03 16:38:50.453 [info] Reading sessions from keychain...
2024-09-03 16:38:50.453 [info] Getting sessions for all scopes...
2024-09-03 16:38:50.453 [info] Getting sessions for all scopes...
2024-09-03 16:38:50.453 [info] Got stored sessions!
2024-09-03 16:38:50.453 [info] Got 1 verified sessions.
2024-09-03 16:38:50.453 [info] Got 1 sessions for ...
2024-09-03 16:38:50.453 [info] Got 1 sessions for ...
2024-09-03 16:38:50.453 [info] Getting sessions for read:user,repo,user:email,workflow...
2024-09-03 16:38:50.453 [info] Got 1 sessions for read:user,repo,user:email,workflow...
2024-09-03 16:38:51.544 [info] Getting sessions for read:user,repo,user:email,workflow...
2024-09-03 16:38:51.544 [info] Got 1 sessions for read:user,repo,user:email,workflow...
