2024-09-04 20:39:39.003 [info] Reading sessions from keychain...
2024-09-04 20:39:39.003 [info] Getting sessions for all scopes...
2024-09-04 20:39:39.003 [info] Getting sessions for all scopes...
2024-09-04 20:39:39.003 [info] Got stored sessions!
2024-09-04 20:39:39.003 [info] Got 1 verified sessions.
2024-09-04 20:39:39.003 [info] Got 1 sessions for ...
2024-09-04 20:39:39.003 [info] Got 1 sessions for ...
2024-09-04 20:39:39.003 [info] Getting sessions for user:email...
2024-09-04 20:39:39.003 [info] Got 0 sessions for user:email...
2024-09-04 20:39:41.768 [info] Logging in with 'any' account...
2024-09-04 20:39:41.768 [info] Logging in for the following scopes: user:email
2024-09-04 20:39:41.784 [info] Trying without local server... (user:email)
2024-09-04 20:39:44.077 [info] Exchanging code for token...
2024-09-04 20:39:44.524 [info] Token exchange success!
2024-09-04 20:39:44.525 [info] Getting user info...
2024-09-04 20:39:44.882 [info] Got account info!
2024-09-04 20:39:44.883 [info] Storing 2 sessions...
2024-09-04 20:39:44.888 [info] Reading sessions from keychain...
2024-09-04 20:39:44.889 [info] Stored 2 sessions!
2024-09-04 20:39:44.889 [info] Login success!
2024-09-04 20:39:44.893 [info] Got stored sessions!
2024-09-04 20:39:44.893 [info] Got 2 verified sessions.
2024-09-04 20:39:44.895 [info] Getting sessions for user:email...
2024-09-04 20:39:44.895 [info] Got 1 sessions for user:email...
