2024-09-05 11:28:53.160 [info] [main] Log level: Info
2024-09-05 11:28:53.161 [info] [main] Validating found git in: "git"
2024-09-05 11:28:53.161 [info] [main] Using git "2.43.0" from "git"
2024-09-05 11:28:53.161 [info] [Model][doInitialScan] Initial repository scan started
2024-09-05 11:28:53.161 [info] > git rev-parse --show-toplevel [18ms]
2024-09-05 11:28:53.161 [info] > git rev-parse --git-dir --git-common-dir [31ms]
2024-09-05 11:28:53.161 [info] [Model][openRepository] Opened repository: /home/sasham/Projects/web-apps
2024-09-05 11:28:53.959 [info] > git rev-parse --show-toplevel [764ms]
2024-09-05 11:28:53.961 [info] > git config --get commit.template [786ms]
2024-09-05 11:28:54.108 [info] > git rev-parse --show-toplevel [33ms]
2024-09-05 11:28:54.110 [info] > git for-each-ref --format=%(refname)%00%(upstream:short)%00%(objectname)%00%(upstream:track)%00%(upstream:remotename)%00%(upstream:remoteref) refs/heads/main refs/remotes/main [47ms]
2024-09-05 11:28:54.156 [warning] [Git][revParse] Unable to read file: ENOENT: no such file or directory, open '/home/sasham/Projects/web-apps/.git/refs/remotes/origin/main'
2024-09-05 11:28:54.253 [info] > git rev-parse refs/remotes/origin/main [96ms]
2024-09-05 11:28:54.291 [info] > git rev-parse --show-toplevel [157ms]
2024-09-05 11:28:54.392 [info] > git rev-parse --show-toplevel [43ms]
2024-09-05 11:28:54.904 [info] > git status -z -uall [613ms]
2024-09-05 11:28:54.904 [info] > git check-ignore -v -z --stdin [235ms]
2024-09-05 11:28:54.907 [info] > git rev-parse --show-toplevel [253ms]
2024-09-05 11:28:54.912 [info] [Model][doInitialScan] Initial repository scan completed - repositories (1), closed repositories (0), parent repositories (0), unsafe repositories (0)
2024-09-05 11:28:55.025 [info] > git for-each-ref --format=%(refname)%00%(upstream:short)%00%(objectname)%00%(upstream:track)%00%(upstream:remotename)%00%(upstream:remoteref) refs/heads/main refs/remotes/main [87ms]
2024-09-05 11:28:55.111 [info] > git config --local branch.main.vscode-merge-base [61ms]
2024-09-05 11:28:55.138 [info] > git config --get commit.template [110ms]
2024-09-05 11:28:55.159 [info] > git for-each-ref --format=%(refname)%00%(upstream:short)%00%(objectname)%00%(upstream:track)%00%(upstream:remotename)%00%(upstream:remoteref) refs/heads/origin/main refs/remotes/origin/main [25ms]
2024-09-05 11:28:55.221 [info] > git merge-base refs/heads/main refs/remotes/origin/main [47ms]
2024-09-05 11:28:55.235 [info] > git for-each-ref --format=%(refname)%00%(upstream:short)%00%(objectname)%00%(upstream:track)%00%(upstream:remotename)%00%(upstream:remoteref) refs/heads/main refs/remotes/main [77ms]
2024-09-05 11:28:55.248 [warning] [Git][revParse] Unable to read file: ENOENT: no such file or directory, open '/home/sasham/Projects/web-apps/.git/refs/remotes/origin/main'
2024-09-05 11:28:55.257 [info] > git rev-parse refs/remotes/origin/main [4ms]
2024-09-05 11:28:55.275 [info] > git rev-list --count --left-right refs/heads/main...refs/remotes/origin/main [41ms]
2024-09-05 11:28:55.347 [info] > git diff --name-status -z --diff-filter=ADMR 8d6c0adb631808d176a74b6425807b225dddfbc1...refs/remotes/origin/main [55ms]
2024-09-05 11:28:55.490 [info] > git status -z -uall [215ms]
2024-09-05 11:28:55.542 [info] > git for-each-ref --format=%(refname)%00%(upstream:short)%00%(objectname)%00%(upstream:track)%00%(upstream:remotename)%00%(upstream:remoteref) refs/heads/main refs/remotes/main [29ms]
2024-09-05 11:28:55.556 [info] > git config --local branch.main.vscode-merge-base [4ms]
2024-09-05 11:28:55.571 [info] > git for-each-ref --format=%(refname)%00%(upstream:short)%00%(objectname)%00%(upstream:track)%00%(upstream:remotename)%00%(upstream:remoteref) refs/heads/origin/main refs/remotes/origin/main [4ms]
