2024-09-04 20:01:26.582 [info] Extension host with pid 17331 started
2024-09-04 20:01:27.886 [info] ExtensionService#_doActivateExtension vscode.git-base, startup: true, activationEvent: '*', root cause: vscode.git
2024-09-04 20:01:27.897 [info] ExtensionService#_doActivateExtension firsttris.vscode-jest-runner, startup: true, activationEvent: '*'
2024-09-04 20:01:28.115 [info] ExtensionService#_doActivateExtension vscode.git, startup: true, activationEvent: '*'
2024-09-04 20:01:28.354 [info] ExtensionService#_doActivateExtension vscode.github, startup: true, activationEvent: '*'
2024-09-04 20:01:28.843 [info] Eager extensions activated
2024-09-04 20:01:29.042 [info] ExtensionService#_doActivateExtension vscode.debug-auto-launch, startup: false, activationEvent: 'onStartupFinished'
2024-09-04 20:01:29.084 [info] ExtensionService#_doActivateExtension vscode.merge-conflict, startup: false, activationEvent: 'onStartupFinished'
2024-09-04 20:01:29.170 [info] ExtensionService#_doActivateExtension bradlc.vscode-tailwindcss, startup: false, activationEvent: 'onStartupFinished'
2024-09-04 20:01:29.504 [info] ExtensionService#_doActivateExtension dbaeumer.vscode-eslint, startup: false, activationEvent: 'onStartupFinished'
2024-09-04 20:01:29.665 [info] ExtensionService#_doActivateExtension nrwl.angular-console, startup: false, activationEvent: 'onStartupFinished'
2024-09-04 20:01:30.412 [info] ExtensionService#_doActivateExtension ritwickdey.LiveServer, startup: false, activationEvent: 'onStartupFinished'
2024-09-04 20:01:31.087 [info] ExtensionService#_doActivateExtension vscode.typescript-language-features, startup: false, activationEvent: 'api', root cause: nrwl.angular-console
2024-09-04 20:01:57.101 [info] ExtensionService#_doActivateExtension vscode.html-language-features, startup: false, activationEvent: 'onLanguage:html'
2024-09-04 20:01:57.851 [info] ExtensionService#_doActivateExtension vscode.emmet, startup: false, activationEvent: 'onLanguage'
2024-09-04 20:35:01.754 [info] Extension host terminating: renderer closed the MessagePort
2024-09-04 20:35:01.803 [error] local Nx dependency not found
2024-09-04 20:35:01.803 [info] Extension host with pid 17331 exiting with code 0
2024-09-04 20:35:02.321 [info] Extension host with pid 18329 started
2024-09-04 20:35:02.348 [info] ExtensionService#_doActivateExtension vscode.html-language-features, startup: false, activationEvent: 'onLanguage:html'
2024-09-04 20:35:02.380 [info] ExtensionService#_doActivateExtension vscode.emmet, startup: false, activationEvent: 'onLanguage'
2024-09-04 20:35:02.983 [info] ExtensionService#_doActivateExtension vscode.git-base, startup: true, activationEvent: '*', root cause: vscode.git
2024-09-04 20:35:02.986 [info] ExtensionService#_doActivateExtension firsttris.vscode-jest-runner, startup: true, activationEvent: '*'
2024-09-04 20:35:03.015 [info] ExtensionService#_doActivateExtension vscode.git, startup: true, activationEvent: '*'
2024-09-04 20:35:03.049 [info] ExtensionService#_doActivateExtension vscode.github, startup: true, activationEvent: '*'
2024-09-04 20:35:03.155 [info] Eager extensions activated
2024-09-04 20:35:03.172 [info] ExtensionService#_doActivateExtension vscode.debug-auto-launch, startup: false, activationEvent: 'onStartupFinished'
2024-09-04 20:35:03.174 [info] ExtensionService#_doActivateExtension vscode.merge-conflict, startup: false, activationEvent: 'onStartupFinished'
2024-09-04 20:35:03.185 [info] ExtensionService#_doActivateExtension bradlc.vscode-tailwindcss, startup: false, activationEvent: 'onStartupFinished'
2024-09-04 20:35:03.277 [info] ExtensionService#_doActivateExtension dbaeumer.vscode-eslint, startup: false, activationEvent: 'onStartupFinished'
2024-09-04 20:35:03.293 [info] ExtensionService#_doActivateExtension nrwl.angular-console, startup: false, activationEvent: 'onStartupFinished'
2024-09-04 20:35:03.518 [info] ExtensionService#_doActivateExtension ritwickdey.LiveServer, startup: false, activationEvent: 'onStartupFinished'
2024-09-04 20:35:03.644 [info] ExtensionService#_doActivateExtension vscode.typescript-language-features, startup: false, activationEvent: 'api', root cause: nrwl.angular-console
2024-09-04 20:35:12.895 [info] ExtensionService#_doActivateExtension esbenp.prettier-vscode, startup: false, activationEvent: 'onStartupFinished'
2024-09-04 20:39:38.906 [info] ExtensionService#_doActivateExtension vscode.github-authentication, startup: false, activationEvent: 'onAuthenticationRequest:github'
2024-09-04 20:39:38.956 [info] ExtensionService#_doActivateExtension vscode.microsoft-authentication, startup: false, activationEvent: 'onAuthenticationRequest:microsoft'
2024-09-04 20:39:46.256 [info] ExtensionService#_doActivateExtension vscode.configuration-editing, startup: false, activationEvent: 'onLanguage:jsonc'
2024-09-04 20:39:46.267 [info] ExtensionService#_doActivateExtension vscode.json-language-features, startup: false, activationEvent: 'onLanguage:jsonc'
