2024-09-03 16:06:22.134 [info] Added views:workbench.panel.markers.view in workbench.panel.markers
2024-09-03 16:06:22.135 [info] Added views:workbench.panel.output in workbench.panel.output
2024-09-03 16:06:22.135 [info] Added views:terminal in terminal
2024-09-03 16:06:22.135 [info] Added views:outline in workbench.view.explorer
2024-09-03 16:06:22.135 [info] Added views:workbench.scm in workbench.view.scm
2024-09-03 16:06:22.135 [info] Added views:workbench.view.search in workbench.view.search
2024-09-03 16:06:22.135 [info] Added views:timeline in workbench.view.explorer
2024-09-03 16:06:22.135 [info] Added views:workbench.explorer.emptyView in workbench.view.explorer
2024-09-03 16:06:23.928 [info] Added views:workbench.debug.welcome in workbench.view.debug
2024-09-03 16:06:26.545 [info] Added views:workbench.panel.repl.view in workbench.panel.repl
2024-09-03 16:06:28.485 [info] Added views:~remote.forwardedPorts in ~remote.forwardedPortsContainer
2024-09-03 16:35:17.162 [info] Added views:workbench.panel.markers.view in workbench.panel.markers
2024-09-03 16:35:17.162 [info] Added views:workbench.panel.output in workbench.panel.output
2024-09-03 16:35:17.162 [info] Added views:terminal in terminal
2024-09-03 16:35:17.162 [info] Added views:outline in workbench.view.explorer
2024-09-03 16:35:17.162 [info] Added views:workbench.scm in workbench.view.scm
2024-09-03 16:35:17.162 [info] Added views:workbench.view.search in workbench.view.search
2024-09-03 16:35:17.162 [info] Added views:timeline in workbench.view.explorer
2024-09-03 16:35:17.162 [info] Added views:workbench.explorer.fileView in workbench.view.explorer
2024-09-03 16:35:20.189 [info] Added views:workbench.debug.variablesView,workbench.debug.watchExpressionsView,workbench.debug.callStackView,workbench.debug.breakPointsView in workbench.view.debug
2024-09-03 16:35:20.409 [info] Added views:workbench.panel.repl.view in workbench.panel.repl
2024-09-03 16:35:20.412 [info] Removed views:workbench.debug.breakPointsView,workbench.debug.callStackView,workbench.debug.watchExpressionsView,workbench.debug.variablesView from workbench.view.debug
2024-09-03 16:35:20.416 [info] Added views:workbench.debug.welcome in workbench.view.debug
2024-09-03 16:35:23.027 [info] Added views:~remote.forwardedPorts in ~remote.forwardedPortsContainer
2024-09-03 16:35:34.844 [info] Added views:workbench.views.extensions.installed,workbench.views.extensions.popular,extensions.recommendedList in workbench.view.extensions
2024-09-03 16:35:34.851 [info] Removed views:workbench.views.extensions.popular from workbench.view.extensions
2024-09-03 16:35:35.862 [info] Removed views:extensions.recommendedList,workbench.views.extensions.installed from workbench.view.extensions
2024-09-03 16:35:35.929 [info] Added views:workbench.views.extensions.workspaceRecommendations,workbench.views.extensions.otherRecommendations in workbench.view.extensions
2024-09-03 16:35:58.029 [info] Added views:pw.extension.settingsView in workbench.view.extension.test
2024-09-03 16:35:58.096 [info] Added views:nxConsole.views.welcome,nxHelpAndFeedback in workbench.view.extension.nx-console
2024-09-03 16:36:01.990 [info] Removed views:nxConsole.views.welcome from workbench.view.extension.nx-console
2024-09-03 16:36:01.997 [info] Added views:nxProjects,nxCloud,nxCommands in workbench.view.extension.nx-console
