2024-09-05 11:28:48.316 [info] Added views:workbench.panel.markers.view in workbench.panel.markers
2024-09-05 11:28:48.316 [info] Added views:workbench.panel.output in workbench.panel.output
2024-09-05 11:28:48.316 [info] Added views:terminal in terminal
2024-09-05 11:28:48.316 [info] Added views:outline in workbench.view.explorer
2024-09-05 11:28:48.316 [info] Added views:workbench.scm in workbench.view.scm
2024-09-05 11:28:48.316 [info] Added views:workbench.view.search in workbench.view.search
2024-09-05 11:28:48.316 [info] Added views:timeline in workbench.view.explorer
2024-09-05 11:28:48.316 [info] Added views:workbench.explorer.emptyView in workbench.view.explorer
2024-09-05 11:28:48.854 [info] Added views:workbench.debug.welcome in workbench.view.debug
2024-09-05 11:28:51.030 [info] Added views:pw.extension.settingsView in workbench.view.extension.test
2024-09-05 11:28:51.031 [info] Added views:nxConsole.views.welcome,nxHelpAndFeedback in workbench.view.extension.nx-console
2024-09-05 11:28:51.106 [info] Added views:~remote.forwardedPorts in ~remote.forwardedPortsContainer
2024-09-05 11:28:51.446 [info] Added views:workbench.panel.repl.view in workbench.panel.repl
2024-09-05 11:49:48.771 [info] Added views:workbench.panel.markers.view in workbench.panel.markers
2024-09-05 11:49:48.771 [info] Added views:workbench.panel.output in workbench.panel.output
2024-09-05 11:49:48.771 [info] Added views:terminal in terminal
2024-09-05 11:49:48.771 [info] Added views:outline in workbench.view.explorer
2024-09-05 11:49:48.771 [info] Added views:workbench.scm in workbench.view.scm
2024-09-05 11:49:48.771 [info] Added views:workbench.view.search in workbench.view.search
2024-09-05 11:49:48.771 [info] Added views:timeline in workbench.view.explorer
2024-09-05 11:49:48.771 [info] Added views:workbench.explorer.fileView in workbench.view.explorer
2024-09-05 11:49:49.570 [info] Added views:pw.extension.settingsView in workbench.view.extension.test
2024-09-05 11:49:49.571 [info] Added views:nxConsole.views.welcome,nxHelpAndFeedback in workbench.view.extension.nx-console
2024-09-05 11:49:49.654 [info] Added views:workbench.debug.variablesView,workbench.debug.watchExpressionsView,workbench.debug.callStackView,workbench.debug.breakPointsView in workbench.view.debug
2024-09-05 11:49:49.715 [info] Added views:workbench.panel.repl.view in workbench.panel.repl
2024-09-05 11:49:49.716 [info] Removed views:workbench.debug.breakPointsView,workbench.debug.callStackView,workbench.debug.watchExpressionsView,workbench.debug.variablesView from workbench.view.debug
2024-09-05 11:49:49.718 [info] Added views:workbench.debug.welcome in workbench.view.debug
2024-09-05 11:49:50.206 [info] Added views:~remote.forwardedPorts in ~remote.forwardedPortsContainer
