2024-09-05 11:28:51.064 [info] Extension host with pid 4224 started
2024-09-05 11:28:51.064 [info] Skipping acquiring lock for /home/sasham/.config/Code/User/workspaceStorage/1233fa54de03f5b58db13437e08118fc.
2024-09-05 11:28:51.946 [info] ExtensionService#_doActivateExtension vscode.github-authentication, startup: false, activationEvent: 'onAuthenticationRequest:github'
2024-09-05 11:28:52.270 [info] ExtensionService#_doActivateExtension vscode.git-base, startup: true, activationEvent: '*', root cause: vscode.git
2024-09-05 11:28:52.279 [info] ExtensionService#_doActivateExtension firsttris.vscode-jest-runner, startup: true, activationEvent: '*'
2024-09-05 11:28:52.449 [info] ExtensionService#_doActivateExtension vscode.npm, startup: true, activationEvent: 'workspaceContains:package.json'
2024-09-05 11:28:52.591 [info] ExtensionService#_doActivateExtension vscode.git, startup: true, activationEvent: '*'
2024-09-05 11:28:52.692 [info] ExtensionService#_doActivateExtension vscode.github, startup: true, activationEvent: '*'
2024-09-05 11:28:53.020 [info] Eager extensions activated
2024-09-05 11:28:53.197 [info] ExtensionService#_doActivateExtension vscode.debug-auto-launch, startup: false, activationEvent: 'onStartupFinished'
2024-09-05 11:28:53.206 [info] ExtensionService#_doActivateExtension vscode.merge-conflict, startup: false, activationEvent: 'onStartupFinished'
2024-09-05 11:28:53.225 [info] ExtensionService#_doActivateExtension bradlc.vscode-tailwindcss, startup: false, activationEvent: 'onStartupFinished'
2024-09-05 11:28:53.263 [info] ExtensionService#_doActivateExtension dbaeumer.vscode-eslint, startup: false, activationEvent: 'onStartupFinished'
2024-09-05 11:28:53.294 [info] ExtensionService#_doActivateExtension esbenp.prettier-vscode, startup: false, activationEvent: 'onStartupFinished'
2024-09-05 11:28:53.434 [info] ExtensionService#_doActivateExtension nrwl.angular-console, startup: false, activationEvent: 'onStartupFinished'
2024-09-05 11:28:53.902 [info] ExtensionService#_doActivateExtension ritwickdey.LiveServer, startup: false, activationEvent: 'onStartupFinished'
2024-09-05 11:28:54.097 [info] ExtensionService#_doActivateExtension vscode.emmet, startup: false, activationEvent: 'onLanguage'
2024-09-05 11:28:54.407 [info] ExtensionService#_doActivateExtension vscode.typescript-language-features, startup: false, activationEvent: 'api', root cause: nrwl.angular-console
2024-09-05 13:16:00.544 [info] Extension host terminating: renderer closed the MessagePort
2024-09-05 13:16:00.636 [error] Canceled: Canceled
	at new C (/snap/code/167/usr/share/code/resources/app/out/vs/workbench/api/node/extensionHostProcess.js:144:35204)
	at E.U (/snap/code/167/usr/share/code/resources/app/out/vs/workbench/api/node/extensionHostProcess.js:151:6017)
	at B.<computed>.j.charCodeAt.R.CharCode.DollarSign.B.<computed> (/snap/code/167/usr/share/code/resources/app/out/vs/workbench/api/node/extensionHostProcess.js:151:3107)
	at d.g (/snap/code/167/usr/share/code/resources/app/out/vs/workbench/api/node/extensionHostProcess.js:154:205942)
	at d.executeCommand (/snap/code/167/usr/share/code/resources/app/out/vs/workbench/api/node/extensionHostProcess.js:154:205380)
	at A.registerCommand.description (/snap/code/167/usr/share/code/resources/app/out/vs/workbench/api/node/extensionHostProcess.js:154:204704)
	at d.h (/snap/code/167/usr/share/code/resources/app/out/vs/workbench/api/node/extensionHostProcess.js:154:206481)
	at d.g (/snap/code/167/usr/share/code/resources/app/out/vs/workbench/api/node/extensionHostProcess.js:154:205473)
	at d.executeCommand (/snap/code/167/usr/share/code/resources/app/out/vs/workbench/api/node/extensionHostProcess.js:154:205380)
	at Object.executeCommand (/snap/code/167/usr/share/code/resources/app/out/vs/workbench/api/node/extensionHostProcess.js:164:23060)
	at i.O [as value] (/snap/code/167/usr/share/code/resources/app/extensions/git/dist/main.js:2:951642)
	at n.B (/snap/code/167/usr/share/code/resources/app/out/vs/workbench/api/node/extensionHostProcess.js:83:737)
	at n.C (/snap/code/167/usr/share/code/resources/app/out/vs/workbench/api/node/extensionHostProcess.js:83:807)
	at n.fire (/snap/code/167/usr/share/code/resources/app/out/vs/workbench/api/node/extensionHostProcess.js:83:1023)
	at Object.p [as dispose] (/snap/code/167/usr/share/code/resources/app/extensions/git/dist/main.js:2:972220)
	at /snap/code/167/usr/share/code/resources/app/extensions/git/dist/main.js:2:978342
	at Array.forEach (<anonymous>)
	at f.dispose (/snap/code/167/usr/share/code/resources/app/extensions/git/dist/main.js:2:978328)
	at a.<anonymous> (/snap/code/167/usr/share/code/resources/app/out/vs/workbench/api/node/extensionHostProcess.js:152:4173)
	at a.dispose (/snap/code/167/usr/share/code/resources/app/out/vs/workbench/api/node/extensionHostProcess.js:152:4270)
	at a.<anonymous> (/snap/code/167/usr/share/code/resources/app/extensions/git/dist/main.js:2:953940)
	at a.dispose (/snap/code/167/usr/share/code/resources/app/out/vs/workbench/api/node/extensionHostProcess.js:152:4270)
	at $ (/snap/code/167/usr/share/code/resources/app/out/vs/workbench/api/node/extensionHostProcess.js:30:744)
	at /snap/code/167/usr/share/code/resources/app/out/vs/workbench/api/node/extensionHostProcess.js:160:13379
	at /snap/code/167/usr/share/code/resources/app/out/vs/workbench/api/node/extensionHostProcess.js:30:1112
	at Object.dispose (/snap/code/167/usr/share/code/resources/app/out/vs/workbench/api/node/extensionHostProcess.js:11:11354)
	at m.eb (/snap/code/167/usr/share/code/resources/app/out/vs/workbench/api/node/extensionHostProcess.js:160:10056)
	at /snap/code/167/usr/share/code/resources/app/out/vs/workbench/api/node/extensionHostProcess.js:160:7927
	at Array.map (<anonymous>)
	at m.$ (/snap/code/167/usr/share/code/resources/app/out/vs/workbench/api/node/extensionHostProcess.js:160:7914)
	at m.terminate (/snap/code/167/usr/share/code/resources/app/out/vs/workbench/api/node/extensionHostProcess.js:160:8187)
	at $.terminate (/snap/code/167/usr/share/code/resources/app/out/vs/workbench/api/node/extensionHostProcess.js:164:1513)
	at o (/snap/code/167/usr/share/code/resources/app/out/vs/workbench/api/node/extensionHostProcess.js:177:10633)
	at MessagePortMain.<anonymous> (/snap/code/167/usr/share/code/resources/app/out/vs/workbench/api/node/extensionHostProcess.js:177:6825)
	at MessagePortMain.emit (node:events:519:28)
	at MessagePortMain._internalPort.emit (node:electron/js2c/utility_init:2:2285) setContext undefined
2024-09-05 13:16:00.637 [error] Canceled: Canceled
	at new C (/snap/code/167/usr/share/code/resources/app/out/vs/workbench/api/node/extensionHostProcess.js:144:35204)
	at E.U (/snap/code/167/usr/share/code/resources/app/out/vs/workbench/api/node/extensionHostProcess.js:151:6017)
	at B.<computed>.j.charCodeAt.R.CharCode.DollarSign.B.<computed> (/snap/code/167/usr/share/code/resources/app/out/vs/workbench/api/node/extensionHostProcess.js:151:3107)
	at d.g (/snap/code/167/usr/share/code/resources/app/out/vs/workbench/api/node/extensionHostProcess.js:154:205942)
	at d.executeCommand (/snap/code/167/usr/share/code/resources/app/out/vs/workbench/api/node/extensionHostProcess.js:154:205380)
	at A.registerCommand.description (/snap/code/167/usr/share/code/resources/app/out/vs/workbench/api/node/extensionHostProcess.js:154:204704)
	at d.h (/snap/code/167/usr/share/code/resources/app/out/vs/workbench/api/node/extensionHostProcess.js:154:206481)
	at d.g (/snap/code/167/usr/share/code/resources/app/out/vs/workbench/api/node/extensionHostProcess.js:154:205473)
	at d.executeCommand (/snap/code/167/usr/share/code/resources/app/out/vs/workbench/api/node/extensionHostProcess.js:154:205380)
	at Object.executeCommand (/snap/code/167/usr/share/code/resources/app/out/vs/workbench/api/node/extensionHostProcess.js:164:23060)
	at set hasGitHubRepositories (/snap/code/167/usr/share/code/resources/app/extensions/github/dist/extension.js:2:322969)
	at /snap/code/167/usr/share/code/resources/app/extensions/github/dist/extension.js:2:323928
	at i.value (/snap/code/167/usr/share/code/resources/app/extensions/git/dist/main.js:2:1060193)
	at n.B (/snap/code/167/usr/share/code/resources/app/out/vs/workbench/api/node/extensionHostProcess.js:83:737)
	at n.C (/snap/code/167/usr/share/code/resources/app/out/vs/workbench/api/node/extensionHostProcess.js:83:807)
	at n.fire (/snap/code/167/usr/share/code/resources/app/out/vs/workbench/api/node/extensionHostProcess.js:83:1023)
	at Object.p [as dispose] (/snap/code/167/usr/share/code/resources/app/extensions/git/dist/main.js:2:972220)
	at /snap/code/167/usr/share/code/resources/app/extensions/git/dist/main.js:2:978342
	at Array.forEach (<anonymous>)
	at f.dispose (/snap/code/167/usr/share/code/resources/app/extensions/git/dist/main.js:2:978328)
	at a.<anonymous> (/snap/code/167/usr/share/code/resources/app/out/vs/workbench/api/node/extensionHostProcess.js:152:4173)
	at a.dispose (/snap/code/167/usr/share/code/resources/app/out/vs/workbench/api/node/extensionHostProcess.js:152:4270)
	at a.<anonymous> (/snap/code/167/usr/share/code/resources/app/extensions/git/dist/main.js:2:953940)
	at a.dispose (/snap/code/167/usr/share/code/resources/app/out/vs/workbench/api/node/extensionHostProcess.js:152:4270)
	at $ (/snap/code/167/usr/share/code/resources/app/out/vs/workbench/api/node/extensionHostProcess.js:30:744)
	at /snap/code/167/usr/share/code/resources/app/out/vs/workbench/api/node/extensionHostProcess.js:160:13379
	at /snap/code/167/usr/share/code/resources/app/out/vs/workbench/api/node/extensionHostProcess.js:30:1112
	at Object.dispose (/snap/code/167/usr/share/code/resources/app/out/vs/workbench/api/node/extensionHostProcess.js:11:11354)
	at m.eb (/snap/code/167/usr/share/code/resources/app/out/vs/workbench/api/node/extensionHostProcess.js:160:10056)
	at /snap/code/167/usr/share/code/resources/app/out/vs/workbench/api/node/extensionHostProcess.js:160:7927
	at Array.map (<anonymous>)
	at m.$ (/snap/code/167/usr/share/code/resources/app/out/vs/workbench/api/node/extensionHostProcess.js:160:7914)
	at m.terminate (/snap/code/167/usr/share/code/resources/app/out/vs/workbench/api/node/extensionHostProcess.js:160:8187)
	at $.terminate (/snap/code/167/usr/share/code/resources/app/out/vs/workbench/api/node/extensionHostProcess.js:164:1513)
	at o (/snap/code/167/usr/share/code/resources/app/out/vs/workbench/api/node/extensionHostProcess.js:177:10633)
	at MessagePortMain.<anonymous> (/snap/code/167/usr/share/code/resources/app/out/vs/workbench/api/node/extensionHostProcess.js:177:6825)
	at MessagePortMain.emit (node:events:519:28)
	at MessagePortMain._internalPort.emit (node:electron/js2c/utility_init:2:2285) setContext undefined
2024-09-05 13:16:00.640 [error] local Nx dependency not found
2024-09-05 13:16:00.640 [info] Extension host with pid 4224 exiting with code 0
